<?xml version="1.0" encoding="UTF-8"?>
<!-- Generated by org.testng.reporters.JUnitXMLReporter -->
<testsuite ignored="6" hostname="IN-10PN6S3" failures="0" tests="2" name="Default test" time="68.696" errors="0" timestamp="2024-12-29T12:55:21 IST">
  <testcase classname="com.nagarro.ExitTest.Tests.Test_Home" name="test_search" time="6.57"/>
  <testcase classname="com.nagarro.ExitTest.Tests.Test_Home" name="test_search" time="10.232"/>
  <testcase classname="com.nagarro.ExitTest.Tests.Test_Home" name="test_navigateToTermsAndConditionsPage" time="0.0">
    <ignored/>
  </testcase> <!-- test_navigateToTermsAndConditionsPage -->
  <testcase classname="com.nagarro.ExitTest.Tests.Test_Home" name="test_navigateToSellerPage" time="0.0">
    <ignored/>
  </testcase> <!-- test_navigateToSellerPage -->
  <testcase classname="com.nagarro.ExitTest.Tests.Test_Home" name="test_navigateToAppliancesPage" time="0.0">
    <ignored/>
  </testcase> <!-- test_navigateToAppliancesPage -->
  <testcase classname="com.nagarro.ExitTest.Tests.Test_Home" name="test_navigateToFlightPage" time="0.0">
    <ignored/>
  </testcase> <!-- test_navigateToFlightPage -->
  <testcase classname="com.nagarro.ExitTest.Tests.Test_Home" name="test_navigateToCartPage" time="0.0">
    <ignored/>
  </testcase> <!-- test_navigateToCartPage -->
  <testcase classname="com.nagarro.ExitTest.Tests.Test_Home" name="test_HomePageIsVisible" time="0.0">
    <ignored/>
  </testcase> <!-- test_HomePageIsVisible -->
</testsuite> <!-- Default test -->
