<?xml version="1.0" encoding="UTF-8"?>
<!-- Generated by org.testng.reporters.JUnitXMLReporter -->
<testsuite ignored="0" hostname="IN-10PN6S3" failures="0" tests="3" name="Default test" time="34.416" errors="0" timestamp="2024-12-27T14:45:54 IST">
  <testcase classname="com.nagarro.ExitTest.Tests.Test_Product" name="addToCart" time="5.977"/>
  <testcase classname="com.nagarro.ExitTest.Tests.Test_Product" name="sortProductByPriceLowToHigh" time="5.32"/>
  <testcase classname="com.nagarro.ExitTest.Tests.Test_Product" name="verify_addToWishlistRequiresLogin" time="3.709"/>
</testsuite> <!-- Default test -->
