<?xml version="1.0" encoding="UTF-8"?>
<!-- Generated by org.testng.reporters.JUnitXMLReporter -->
<testsuite ignored="2" hostname="IN-10PN6S3" failures="0" tests="9" name="Test" time="63.135" errors="0" timestamp="2024-12-27T14:56:46 IST">
  <testcase classname="com.nagarro.ExitTest.Tests.Test_Home" name="test_navigateToAppliancesPage" time="1.467"/>
  <testcase classname="com.nagarro.ExitTest.Tests.Test_Home" name="test_navigateToCartPage" time="1.689"/>
  <testcase classname="com.nagarro.ExitTest.Tests.Test_Home" name="test_navigateToFlightPage" time="1.793"/>
  <testcase classname="com.nagarro.ExitTest.Tests.Test_Home" name="test_navigateToSellerPage" time="4.173"/>
  <testcase classname="com.nagarro.ExitTest.Tests.Test_Home" name="test_search" time="2.052"/>
  <testcase classname="com.nagarro.ExitTest.Tests.Test_Home" name="verifyHomePageIsVisible" time="0.05"/>
  <testcase classname="com.nagarro.ExitTest.Tests.Test_Product" name="addToCart" time="5.746"/>
  <testcase classname="com.nagarro.ExitTest.Tests.Test_Product" name="sortProductByPriceLowToHigh" time="3.592"/>
  <testcase classname="com.nagarro.ExitTest.Tests.Test_Product" name="verify_addToWishlistRequiresLogin" time="2.733"/>
  <testcase classname="com.nagarro.ExitTest.utility.BaseTest" name="@AfterSuite tearDownExtentReports" time="0.0">
    <ignored/>
  </testcase> <!-- @AfterSuite tearDownExtentReports -->
  <testcase classname="com.nagarro.ExitTest.utility.BaseTest" name="@BeforeSuite setupExtentReports" time="0.0">
    <ignored/>
  </testcase> <!-- @BeforeSuite setupExtentReports -->
</testsuite> <!-- Test -->
