<?xml version="1.0" encoding="UTF-8"?>
<!-- Generated by org.testng.reporters.JUnitXMLReporter -->
<testsuite ignored="15" hostname="IN-10PN6S3" failures="0" tests="20" name="Test" time="242.959" errors="0" timestamp="2024-12-29T13:24:18 IST">
  <testcase classname="com.nagarro.ExitTest.Tests.Test_Home" name="test_HomePageIsVisible" time="0.095"/>
  <testcase classname="com.nagarro.ExitTest.Tests.Test_Home" name="test_search" time="4.943"/>
  <testcase classname="com.nagarro.ExitTest.Tests.Test_Home" name="test_search" time="2.865"/>
  <testcase classname="com.nagarro.ExitTest.Tests.Test_Home" name="test_navigateToCartPage" time="3.031"/>
  <testcase classname="com.nagarro.ExitTest.Tests.Test_Home" name="test_navigateToSellerPage" time="7.325"/>
  <testcase classname="com.nagarro.ExitTest.Tests.Test_Home" name="test_navigateToAppliancesPage" time="1.936"/>
  <testcase classname="com.nagarro.ExitTest.Tests.Test_Home" name="test_navigateToFlightPage" time="2.809"/>
  <testcase classname="com.nagarro.ExitTest.Tests.Test_Home" name="test_navigateToTermsAndConditionsPage" time="1.84"/>
  <testcase classname="com.nagarro.ExitTest.Tests.Test_Login" name="test_invalidlogin" time="2.71"/>
  <testcase classname="com.nagarro.ExitTest.Tests.Test_Product" name="sortProductByPriceLowToHigh" time="4.792"/>
  <testcase classname="com.nagarro.ExitTest.Tests.Test_Product" name="verify_addToWishlistRequiresLogin" time="5.438"/>
  <testcase classname="com.nagarro.ExitTest.Tests.Test_Product" name="addToCart" time="7.936"/>
  <testcase classname="com.nagarro.ExitTest.Tests.Test_SellerPage" name="test_navigateToSellerDashboard" time="15.988"/>
  <testcase classname="com.nagarro.ExitTest.Tests.Test_GroupCompanies" name="test_first_myntra" time="5.956"/>
  <testcase classname="com.nagarro.ExitTest.Tests.Test_GroupCompanies" name="test_second_cleartrip" time="7.401"/>
  <testcase classname="com.nagarro.ExitTest.Tests.Test_GroupCompanies" name="test_third_shopsy" time="3.501"/>
  <testcase classname="com.nagarro.ExitTest.Tests.Test_FlightsPage" name="test_searchOneWayFlight" time="6.961"/>
  <testcase classname="com.nagarro.ExitTest.Tests.Test_FlightsPage" name="test_searchRoundtripFlight" time="9.711"/>
  <testcase classname="com.nagarro.ExitTest.Tests.Test_SupportPage" name="verifyHelpTopics" time="4.657"/>
  <testcase classname="com.nagarro.ExitTest.Tests.Test_GroceryPage" name="test_searchGroceryItem" time="3.983"/>
  <testcase classname="com.nagarro.ExitTest.utility.BaseTest" name="@AfterSuite tearDownExtentReports" time="0.0">
    <ignored/>
  </testcase> <!-- @AfterSuite tearDownExtentReports -->
  <testcase classname="com.nagarro.ExitTest.utility.BaseTest" name="@AfterSuite tearDownExtentReports" time="0.0">
    <ignored/>
  </testcase> <!-- @AfterSuite tearDownExtentReports -->
  <testcase classname="com.nagarro.ExitTest.utility.BaseTest" name="@AfterSuite tearDownExtentReports" time="0.0">
    <ignored/>
  </testcase> <!-- @AfterSuite tearDownExtentReports -->
  <testcase classname="com.nagarro.ExitTest.utility.BaseTest" name="@AfterSuite tearDownExtentReports" time="0.0">
    <ignored/>
  </testcase> <!-- @AfterSuite tearDownExtentReports -->
  <testcase classname="com.nagarro.ExitTest.utility.BaseTest" name="@AfterSuite tearDownExtentReports" time="0.0">
    <ignored/>
  </testcase> <!-- @AfterSuite tearDownExtentReports -->
  <testcase classname="com.nagarro.ExitTest.utility.BaseTest" name="@AfterSuite tearDownExtentReports" time="0.0">
    <ignored/>
  </testcase> <!-- @AfterSuite tearDownExtentReports -->
  <testcase classname="com.nagarro.ExitTest.utility.BaseTest" name="@AfterSuite tearDownExtentReports" time="0.0">
    <ignored/>
  </testcase> <!-- @AfterSuite tearDownExtentReports -->
  <testcase classname="com.nagarro.ExitTest.utility.BaseTest" name="@BeforeSuite setupExtentReports" time="0.0">
    <ignored/>
  </testcase> <!-- @BeforeSuite setupExtentReports -->
  <testcase classname="com.nagarro.ExitTest.utility.BaseTest" name="@BeforeSuite setupExtentReports" time="0.0">
    <ignored/>
  </testcase> <!-- @BeforeSuite setupExtentReports -->
  <testcase classname="com.nagarro.ExitTest.utility.BaseTest" name="@BeforeSuite setupExtentReports" time="0.0">
    <ignored/>
  </testcase> <!-- @BeforeSuite setupExtentReports -->
  <testcase classname="com.nagarro.ExitTest.utility.BaseTest" name="@BeforeSuite setupExtentReports" time="0.0">
    <ignored/>
  </testcase> <!-- @BeforeSuite setupExtentReports -->
  <testcase classname="com.nagarro.ExitTest.utility.BaseTest" name="@BeforeSuite setupExtentReports" time="0.0">
    <ignored/>
  </testcase> <!-- @BeforeSuite setupExtentReports -->
  <testcase classname="com.nagarro.ExitTest.utility.BaseTest" name="@BeforeSuite setupExtentReports" time="0.0">
    <ignored/>
  </testcase> <!-- @BeforeSuite setupExtentReports -->
  <testcase classname="com.nagarro.ExitTest.utility.BaseTest" name="@BeforeSuite setupExtentReports" time="0.0">
    <ignored/>
  </testcase> <!-- @BeforeSuite setupExtentReports -->
  <testcase classname="com.nagarro.ExitTest.Tests.Test_Login" name="test_validLogin" time="0.0">
    <ignored/>
  </testcase> <!-- test_validLogin -->
</testsuite> <!-- Test -->
