<?xml version="1.0" encoding="UTF-8"?>
<!-- Generated by org.testng.reporters.JUnitXMLReporter -->
<testsuite ignored="2" hostname="IN-10PN6S3" failures="0" tests="9" name="Surefire test" time="62.921" errors="0" timestamp="2024-12-27T15:08:07 IST">
  <testcase classname="com.nagarro.ExitTest.Tests.Test_Home" name="test_navigateToAppliancesPage" time="1.539"/>
  <testcase classname="com.nagarro.ExitTest.Tests.Test_Home" name="test_navigateToCartPage" time="1.427"/>
  <testcase classname="com.nagarro.ExitTest.Tests.Test_Home" name="test_navigateToFlightPage" time="1.783"/>
  <testcase classname="com.nagarro.ExitTest.Tests.Test_Home" name="test_navigateToSellerPage" time="4.565"/>
  <testcase classname="com.nagarro.ExitTest.Tests.Test_Home" name="test_search" time="2.185"/>
  <testcase classname="com.nagarro.ExitTest.Tests.Test_Home" name="verifyHomePageIsVisible" time="0.028"/>
  <testcase classname="com.nagarro.ExitTest.Tests.Test_Product" name="addToCart" time="5.64"/>
  <testcase classname="com.nagarro.ExitTest.Tests.Test_Product" name="sortProductByPriceLowToHigh" time="3.267"/>
  <testcase classname="com.nagarro.ExitTest.Tests.Test_Product" name="verify_addToWishlistRequiresLogin" time="2.455"/>
  <testcase classname="com.nagarro.ExitTest.utility.BaseTest" name="@BeforeSuite setupExtentReports" time="0.0">
    <ignored/>
  </testcase> <!-- @BeforeSuite setupExtentReports -->
  <testcase classname="com.nagarro.ExitTest.utility.BaseTest" name="@AfterSuite tearDownExtentReports" time="0.0">
    <ignored/>
  </testcase> <!-- @AfterSuite tearDownExtentReports -->
</testsuite> <!-- Surefire test -->
