<?xml version="1.0" encoding="UTF-8"?>
<!-- Generated by org.testng.reporters.JUnitXMLReporter -->
<testsuite ignored="15" hostname="IN-10PN6S3" failures="0" tests="20" name="Surefire test" time="200.292" errors="0" timestamp="2024-12-29T13:30:55 IST">
  <testcase classname="com.nagarro.ExitTest.Tests.Test_FlightsPage" name="test_searchOneWayFlight" time="7.821"/>
  <testcase classname="com.nagarro.ExitTest.Tests.Test_FlightsPage" name="test_searchRoundtripFlight" time="10.776"/>
  <testcase classname="com.nagarro.ExitTest.Tests.Test_GroceryPage" name="test_searchGroceryItem" time="4.201"/>
  <testcase classname="com.nagarro.ExitTest.Tests.Test_GroupCompanies" name="test_first_myntra" time="4.215"/>
  <testcase classname="com.nagarro.ExitTest.Tests.Test_GroupCompanies" name="test_second_cleartrip" time="3.954"/>
  <testcase classname="com.nagarro.ExitTest.Tests.Test_GroupCompanies" name="test_third_shopsy" time="2.058"/>
  <testcase classname="com.nagarro.ExitTest.Tests.Test_Home" name="test_HomePageIsVisible" time="0.042"/>
  <testcase classname="com.nagarro.ExitTest.Tests.Test_Home" name="test_search" time="3.121"/>
  <testcase classname="com.nagarro.ExitTest.Tests.Test_Home" name="test_search" time="4.18"/>
  <testcase classname="com.nagarro.ExitTest.Tests.Test_Home" name="test_navigateToCartPage" time="1.513"/>
  <testcase classname="com.nagarro.ExitTest.Tests.Test_Home" name="test_navigateToSellerPage" time="5.154"/>
  <testcase classname="com.nagarro.ExitTest.Tests.Test_Home" name="test_navigateToAppliancesPage" time="1.337"/>
  <testcase classname="com.nagarro.ExitTest.Tests.Test_Home" name="test_navigateToFlightPage" time="3.129"/>
  <testcase classname="com.nagarro.ExitTest.Tests.Test_Home" name="test_navigateToTermsAndConditionsPage" time="1.281"/>
  <testcase classname="com.nagarro.ExitTest.Tests.Test_Login" name="test_invalidlogin" time="1.499"/>
  <testcase classname="com.nagarro.ExitTest.Tests.Test_Product" name="sortProductByPriceLowToHigh" time="4.54"/>
  <testcase classname="com.nagarro.ExitTest.Tests.Test_Product" name="verify_addToWishlistRequiresLogin" time="3.569"/>
  <testcase classname="com.nagarro.ExitTest.Tests.Test_Product" name="addToCart" time="6.488"/>
  <testcase classname="com.nagarro.ExitTest.Tests.Test_SellerPage" name="test_navigateToSellerDashboard" time="9.661"/>
  <testcase classname="com.nagarro.ExitTest.Tests.Test_SupportPage" name="verifyHelpTopics" time="4.182"/>
  <testcase classname="com.nagarro.ExitTest.utility.BaseTest" name="@AfterSuite tearDownExtentReports" time="0.0">
    <ignored/>
  </testcase> <!-- @AfterSuite tearDownExtentReports -->
  <testcase classname="com.nagarro.ExitTest.utility.BaseTest" name="@AfterSuite tearDownExtentReports" time="0.0">
    <ignored/>
  </testcase> <!-- @AfterSuite tearDownExtentReports -->
  <testcase classname="com.nagarro.ExitTest.utility.BaseTest" name="@AfterSuite tearDownExtentReports" time="0.0">
    <ignored/>
  </testcase> <!-- @AfterSuite tearDownExtentReports -->
  <testcase classname="com.nagarro.ExitTest.utility.BaseTest" name="@BeforeSuite setupExtentReports" time="0.0">
    <ignored/>
  </testcase> <!-- @BeforeSuite setupExtentReports -->
  <testcase classname="com.nagarro.ExitTest.utility.BaseTest" name="@BeforeSuite setupExtentReports" time="0.0">
    <ignored/>
  </testcase> <!-- @BeforeSuite setupExtentReports -->
  <testcase classname="com.nagarro.ExitTest.utility.BaseTest" name="@AfterSuite tearDownExtentReports" time="0.0">
    <ignored/>
  </testcase> <!-- @AfterSuite tearDownExtentReports -->
  <testcase classname="com.nagarro.ExitTest.utility.BaseTest" name="@BeforeSuite setupExtentReports" time="0.0">
    <ignored/>
  </testcase> <!-- @BeforeSuite setupExtentReports -->
  <testcase classname="com.nagarro.ExitTest.utility.BaseTest" name="@BeforeSuite setupExtentReports" time="0.0">
    <ignored/>
  </testcase> <!-- @BeforeSuite setupExtentReports -->
  <testcase classname="com.nagarro.ExitTest.Tests.Test_Login" name="test_validLogin" time="0.0">
    <ignored/>
  </testcase> <!-- test_validLogin -->
  <testcase classname="com.nagarro.ExitTest.utility.BaseTest" name="@BeforeSuite setupExtentReports" time="0.0">
    <ignored/>
  </testcase> <!-- @BeforeSuite setupExtentReports -->
  <testcase classname="com.nagarro.ExitTest.utility.BaseTest" name="@AfterSuite tearDownExtentReports" time="0.0">
    <ignored/>
  </testcase> <!-- @AfterSuite tearDownExtentReports -->
  <testcase classname="com.nagarro.ExitTest.utility.BaseTest" name="@AfterSuite tearDownExtentReports" time="0.0">
    <ignored/>
  </testcase> <!-- @AfterSuite tearDownExtentReports -->
  <testcase classname="com.nagarro.ExitTest.utility.BaseTest" name="@BeforeSuite setupExtentReports" time="0.0">
    <ignored/>
  </testcase> <!-- @BeforeSuite setupExtentReports -->
  <testcase classname="com.nagarro.ExitTest.utility.BaseTest" name="@BeforeSuite setupExtentReports" time="0.0">
    <ignored/>
  </testcase> <!-- @BeforeSuite setupExtentReports -->
  <testcase classname="com.nagarro.ExitTest.utility.BaseTest" name="@AfterSuite tearDownExtentReports" time="0.0">
    <ignored/>
  </testcase> <!-- @AfterSuite tearDownExtentReports -->
</testsuite> <!-- Surefire test -->
