<?xml version="1.0" encoding="UTF-8"?>
<testng-results ignored="0" total="9" passed="9" failed="0" skipped="0">
  <reporter-output>
  </reporter-output>
  <suite started-at="2024-12-27T15:07:04 IST" name="Surefire suite" finished-at="2024-12-27T15:08:07 IST" duration-ms="62921">
    <groups>
    </groups>
    <test started-at="2024-12-27T15:07:04 IST" name="Surefire test" finished-at="2024-12-27T15:08:07 IST" duration-ms="62921">
      <class name="com.nagarro.ExitTest.Tests.Test_Home">
        <test-method is-config="true" signature="setupExtentReports()[pri:0, instance:com.nagarro.ExitTest.Tests.Test_Home@f1da57d]" started-at="2024-12-27T15:07:04 IST" name="setupExtentReports" finished-at="2024-12-27T15:07:04 IST" duration-ms="262" status="PASS">
          <reporter-output>
          </reporter-output>
        </test-method> <!-- setupExtentReports -->
        <test-method is-config="true" signature="setUp()[pri:0, instance:com.nagarro.ExitTest.Tests.Test_Home@f1da57d]" started-at="2024-12-27T15:07:04 IST" name="setUp" finished-at="2024-12-27T15:07:10 IST" duration-ms="6035" status="PASS">
          <reporter-output>
          </reporter-output>
        </test-method> <!-- setUp -->
        <test-method signature="test_navigateToAppliancesPage()[pri:0, instance:com.nagarro.ExitTest.Tests.Test_Home@f1da57d]" started-at="2024-12-27T15:07:10 IST" name="test_navigateToAppliancesPage" finished-at="2024-12-27T15:07:12 IST" duration-ms="1539" status="PASS">
          <reporter-output>
          </reporter-output>
        </test-method> <!-- test_navigateToAppliancesPage -->
        <test-method is-config="true" signature="tearDown(org.testng.ITestResult)[pri:0, instance:com.nagarro.ExitTest.Tests.Test_Home@f1da57d]" started-at="2024-12-27T15:07:12 IST" name="tearDown" finished-at="2024-12-27T15:07:12 IST" duration-ms="278" status="PASS">
          <params>
            <param index="0">
              <value>
                <![CDATA[[TestResult name=test_navigateToAppliancesPage status=SUCCESS method=Test_Home.test_navigateToAppliancesPage()[pri:0, instance:com.nagarro.ExitTest.Tests.Test_Home@f1da57d] output={null}]]]>
              </value>
            </param>
          </params>
          <reporter-output>
          </reporter-output>
        </test-method> <!-- tearDown -->
        <test-method is-config="true" signature="setUp()[pri:0, instance:com.nagarro.ExitTest.Tests.Test_Home@f1da57d]" started-at="2024-12-27T15:07:12 IST" name="setUp" finished-at="2024-12-27T15:07:16 IST" duration-ms="3882" status="PASS">
          <reporter-output>
          </reporter-output>
        </test-method> <!-- setUp -->
        <test-method signature="test_navigateToCartPage()[pri:0, instance:com.nagarro.ExitTest.Tests.Test_Home@f1da57d]" started-at="2024-12-27T15:07:16 IST" name="test_navigateToCartPage" finished-at="2024-12-27T15:07:17 IST" duration-ms="1427" status="PASS">
          <reporter-output>
          </reporter-output>
        </test-method> <!-- test_navigateToCartPage -->
        <test-method is-config="true" signature="tearDown(org.testng.ITestResult)[pri:0, instance:com.nagarro.ExitTest.Tests.Test_Home@f1da57d]" started-at="2024-12-27T15:07:17 IST" name="tearDown" finished-at="2024-12-27T15:07:18 IST" duration-ms="251" status="PASS">
          <params>
            <param index="0">
              <value>
                <![CDATA[[TestResult name=test_navigateToCartPage status=SUCCESS method=Test_Home.test_navigateToCartPage()[pri:0, instance:com.nagarro.ExitTest.Tests.Test_Home@f1da57d] output={null}]]]>
              </value>
            </param>
          </params>
          <reporter-output>
          </reporter-output>
        </test-method> <!-- tearDown -->
        <test-method is-config="true" signature="setUp()[pri:0, instance:com.nagarro.ExitTest.Tests.Test_Home@f1da57d]" started-at="2024-12-27T15:07:18 IST" name="setUp" finished-at="2024-12-27T15:07:22 IST" duration-ms="4371" status="PASS">
          <reporter-output>
          </reporter-output>
        </test-method> <!-- setUp -->
        <test-method signature="test_navigateToFlightPage()[pri:0, instance:com.nagarro.ExitTest.Tests.Test_Home@f1da57d]" started-at="2024-12-27T15:07:22 IST" name="test_navigateToFlightPage" finished-at="2024-12-27T15:07:24 IST" duration-ms="1783" status="PASS">
          <reporter-output>
          </reporter-output>
        </test-method> <!-- test_navigateToFlightPage -->
        <test-method is-config="true" signature="tearDown(org.testng.ITestResult)[pri:0, instance:com.nagarro.ExitTest.Tests.Test_Home@f1da57d]" started-at="2024-12-27T15:07:24 IST" name="tearDown" finished-at="2024-12-27T15:07:24 IST" duration-ms="278" status="PASS">
          <params>
            <param index="0">
              <value>
                <![CDATA[[TestResult name=test_navigateToFlightPage status=SUCCESS method=Test_Home.test_navigateToFlightPage()[pri:0, instance:com.nagarro.ExitTest.Tests.Test_Home@f1da57d] output={null}]]]>
              </value>
            </param>
          </params>
          <reporter-output>
          </reporter-output>
        </test-method> <!-- tearDown -->
        <test-method is-config="true" signature="setUp()[pri:0, instance:com.nagarro.ExitTest.Tests.Test_Home@f1da57d]" started-at="2024-12-27T15:07:24 IST" name="setUp" finished-at="2024-12-27T15:07:28 IST" duration-ms="3719" status="PASS">
          <reporter-output>
          </reporter-output>
        </test-method> <!-- setUp -->
        <test-method signature="test_navigateToSellerPage()[pri:0, instance:com.nagarro.ExitTest.Tests.Test_Home@f1da57d]" started-at="2024-12-27T15:07:28 IST" name="test_navigateToSellerPage" finished-at="2024-12-27T15:07:32 IST" duration-ms="4565" status="PASS">
          <reporter-output>
          </reporter-output>
        </test-method> <!-- test_navigateToSellerPage -->
        <test-method is-config="true" signature="tearDown(org.testng.ITestResult)[pri:0, instance:com.nagarro.ExitTest.Tests.Test_Home@f1da57d]" started-at="2024-12-27T15:07:32 IST" name="tearDown" finished-at="2024-12-27T15:07:33 IST" duration-ms="556" status="PASS">
          <params>
            <param index="0">
              <value>
                <![CDATA[[TestResult name=test_navigateToSellerPage status=SUCCESS method=Test_Home.test_navigateToSellerPage()[pri:0, instance:com.nagarro.ExitTest.Tests.Test_Home@f1da57d] output={null}]]]>
              </value>
            </param>
          </params>
          <reporter-output>
          </reporter-output>
        </test-method> <!-- tearDown -->
        <test-method is-config="true" signature="setUp()[pri:0, instance:com.nagarro.ExitTest.Tests.Test_Home@f1da57d]" started-at="2024-12-27T15:07:33 IST" name="setUp" finished-at="2024-12-27T15:07:37 IST" duration-ms="3774" status="PASS">
          <reporter-output>
          </reporter-output>
        </test-method> <!-- setUp -->
        <test-method signature="test_search()[pri:0, instance:com.nagarro.ExitTest.Tests.Test_Home@f1da57d]" started-at="2024-12-27T15:07:37 IST" name="test_search" finished-at="2024-12-27T15:07:39 IST" duration-ms="2185" status="PASS">
          <reporter-output>
          </reporter-output>
        </test-method> <!-- test_search -->
        <test-method is-config="true" signature="tearDown(org.testng.ITestResult)[pri:0, instance:com.nagarro.ExitTest.Tests.Test_Home@f1da57d]" started-at="2024-12-27T15:07:39 IST" name="tearDown" finished-at="2024-12-27T15:07:39 IST" duration-ms="226" status="PASS">
          <params>
            <param index="0">
              <value>
                <![CDATA[[TestResult name=test_search status=SUCCESS method=Test_Home.test_search()[pri:0, instance:com.nagarro.ExitTest.Tests.Test_Home@f1da57d] output={null}]]]>
              </value>
            </param>
          </params>
          <reporter-output>
          </reporter-output>
        </test-method> <!-- tearDown -->
        <test-method is-config="true" signature="setUp()[pri:0, instance:com.nagarro.ExitTest.Tests.Test_Home@f1da57d]" started-at="2024-12-27T15:07:39 IST" name="setUp" finished-at="2024-12-27T15:07:43 IST" duration-ms="4077" status="PASS">
          <reporter-output>
          </reporter-output>
        </test-method> <!-- setUp -->
        <test-method signature="verifyHomePageIsVisible()[pri:0, instance:com.nagarro.ExitTest.Tests.Test_Home@f1da57d]" started-at="2024-12-27T15:07:43 IST" name="verifyHomePageIsVisible" finished-at="2024-12-27T15:07:43 IST" duration-ms="28" status="PASS">
          <reporter-output>
          </reporter-output>
        </test-method> <!-- verifyHomePageIsVisible -->
        <test-method is-config="true" signature="tearDown(org.testng.ITestResult)[pri:0, instance:com.nagarro.ExitTest.Tests.Test_Home@f1da57d]" started-at="2024-12-27T15:07:43 IST" name="tearDown" finished-at="2024-12-27T15:07:43 IST" duration-ms="245" status="PASS">
          <params>
            <param index="0">
              <value>
                <![CDATA[[TestResult name=verifyHomePageIsVisible status=SUCCESS method=Test_Home.verifyHomePageIsVisible()[pri:0, instance:com.nagarro.ExitTest.Tests.Test_Home@f1da57d] output={null}]]]>
              </value>
            </param>
          </params>
          <reporter-output>
          </reporter-output>
        </test-method> <!-- tearDown -->
        <test-method is-config="true" signature="tearDownExtentReports()[pri:0, instance:com.nagarro.ExitTest.Tests.Test_Home@f1da57d]" started-at="2024-12-27T15:08:07 IST" name="tearDownExtentReports" finished-at="2024-12-27T15:08:07 IST" duration-ms="340" status="PASS">
          <reporter-output>
          </reporter-output>
        </test-method> <!-- tearDownExtentReports -->
      </class> <!-- com.nagarro.ExitTest.Tests.Test_Home -->
      <class name="com.nagarro.ExitTest.Tests.Test_Product">
        <test-method is-config="true" signature="setUp()[pri:0, instance:com.nagarro.ExitTest.Tests.Test_Product@38467116]" started-at="2024-12-27T15:07:43 IST" name="setUp" finished-at="2024-12-27T15:07:47 IST" duration-ms="3581" status="PASS">
          <reporter-output>
          </reporter-output>
        </test-method> <!-- setUp -->
        <test-method signature="addToCart()[pri:0, instance:com.nagarro.ExitTest.Tests.Test_Product@38467116]" started-at="2024-12-27T15:07:47 IST" name="addToCart" finished-at="2024-12-27T15:07:53 IST" duration-ms="5640" status="PASS">
          <reporter-output>
          </reporter-output>
        </test-method> <!-- addToCart -->
        <test-method is-config="true" signature="tearDown(org.testng.ITestResult)[pri:0, instance:com.nagarro.ExitTest.Tests.Test_Product@38467116]" started-at="2024-12-27T15:07:53 IST" name="tearDown" finished-at="2024-12-27T15:07:53 IST" duration-ms="262" status="PASS">
          <params>
            <param index="0">
              <value>
                <![CDATA[[TestResult name=addToCart status=SUCCESS method=Test_Product.addToCart()[pri:0, instance:com.nagarro.ExitTest.Tests.Test_Product@38467116] output={null}]]]>
              </value>
            </param>
          </params>
          <reporter-output>
          </reporter-output>
        </test-method> <!-- tearDown -->
        <test-method is-config="true" signature="setUp()[pri:0, instance:com.nagarro.ExitTest.Tests.Test_Product@38467116]" started-at="2024-12-27T15:07:53 IST" name="setUp" finished-at="2024-12-27T15:07:56 IST" duration-ms="3398" status="PASS">
          <reporter-output>
          </reporter-output>
        </test-method> <!-- setUp -->
        <test-method signature="sortProductByPriceLowToHigh()[pri:0, instance:com.nagarro.ExitTest.Tests.Test_Product@38467116]" started-at="2024-12-27T15:07:56 IST" name="sortProductByPriceLowToHigh" finished-at="2024-12-27T15:08:00 IST" duration-ms="3267" status="PASS">
          <reporter-output>
          </reporter-output>
        </test-method> <!-- sortProductByPriceLowToHigh -->
        <test-method is-config="true" signature="tearDown(org.testng.ITestResult)[pri:0, instance:com.nagarro.ExitTest.Tests.Test_Product@38467116]" started-at="2024-12-27T15:08:00 IST" name="tearDown" finished-at="2024-12-27T15:08:00 IST" duration-ms="247" status="PASS">
          <params>
            <param index="0">
              <value>
                <![CDATA[[TestResult name=sortProductByPriceLowToHigh status=SUCCESS method=Test_Product.sortProductByPriceLowToHigh()[pri:0, instance:com.nagarro.ExitTest.Tests.Test_Product@38467116] output={null}]]]>
              </value>
            </param>
          </params>
          <reporter-output>
          </reporter-output>
        </test-method> <!-- tearDown -->
        <test-method is-config="true" signature="setUp()[pri:0, instance:com.nagarro.ExitTest.Tests.Test_Product@38467116]" started-at="2024-12-27T15:08:00 IST" name="setUp" finished-at="2024-12-27T15:08:04 IST" duration-ms="4549" status="PASS">
          <reporter-output>
          </reporter-output>
        </test-method> <!-- setUp -->
        <test-method signature="verify_addToWishlistRequiresLogin()[pri:0, instance:com.nagarro.ExitTest.Tests.Test_Product@38467116]" started-at="2024-12-27T15:08:04 IST" name="verify_addToWishlistRequiresLogin" finished-at="2024-12-27T15:08:07 IST" duration-ms="2455" status="PASS">
          <reporter-output>
          </reporter-output>
        </test-method> <!-- verify_addToWishlistRequiresLogin -->
        <test-method is-config="true" signature="tearDown(org.testng.ITestResult)[pri:0, instance:com.nagarro.ExitTest.Tests.Test_Product@38467116]" started-at="2024-12-27T15:08:07 IST" name="tearDown" finished-at="2024-12-27T15:08:07 IST" duration-ms="242" status="PASS">
          <params>
            <param index="0">
              <value>
                <![CDATA[[TestResult name=verify_addToWishlistRequiresLogin status=SUCCESS method=Test_Product.verify_addToWishlistRequiresLogin()[pri:0, instance:com.nagarro.ExitTest.Tests.Test_Product@38467116] output={null}]]]>
              </value>
            </param>
          </params>
          <reporter-output>
          </reporter-output>
        </test-method> <!-- tearDown -->
      </class> <!-- com.nagarro.ExitTest.Tests.Test_Product -->
    </test> <!-- Surefire test -->
  </suite> <!-- Surefire suite -->
</testng-results>
