<?xml version="1.0" encoding="UTF-8"?>
<testsuite xmlns:xsi="http://www.w3.org/2001/XMLSchema-instance" xsi:noNamespaceSchemaLocation="https://maven.apache.org/surefire/maven-surefire-plugin/xsd/surefire-test-report-3.0.xsd" version="3.0" name="TestSuite" time="202.574" tests="20" errors="0" skipped="0" failures="0">
  <properties>
[...]
</properties>
  <testcase name="test_searchOneWayFlight" classname="com.nagarro.ExitTest.Tests.Test_FlightsPage" time="7.821">
    <system-out><![CDATA[2024-12-29 13:27:34 [main] INFO  c.nagarro.ExitTest.utility.BaseTest - Setting up for test class: Test_FlightsPage
2024-12-29 13:27:34 [main] DEBUG i.g.bonigarcia.wdm.WebDriverManager - Using WebDriverManager 5.9.2
2024-12-29 13:27:35 [main] DEBUG i.g.b.wdm.cache.ResolutionCache - Resolution chrome=131 in cache (valid until 13:40:54 29/12/2024 IST)
2024-12-29 13:27:35 [main] DEBUG i.g.b.wdm.cache.ResolutionCache - Resolution chrome131=131.0.6778.204 in cache (valid until 12:40:54 30/12/2024 IST)
2024-12-29 13:27:35 [main] INFO  i.g.bonigarcia.wdm.WebDriverManager - Using chromedriver 131.0.6778.204 (resolved driver for Chrome 131)
2024-12-29 13:27:35 [main] DEBUG i.g.bonigarcia.wdm.WebDriverManager - Driver chromedriver 131.0.6778.204 found in cache
2024-12-29 13:27:35 [main] INFO  i.g.bonigarcia.wdm.WebDriverManager - Exporting webdriver.chrome.driver as C:\Users\dhruvshingari\.cache\selenium\chromedriver\win64\131.0.6778.204\chromedriver.exe
2024-12-29 13:27:43 [main] INFO  c.nagarro.ExitTest.utility.BaseTest - Stating test case: OneWayFlight
2024-12-29 13:27:43 [main] INFO  c.nagarro.ExitTest.utility.BaseTest - navigating to flight page
2024-12-29 13:27:46 [main] INFO  c.nagarro.ExitTest.utility.BaseTest - searching for one way flight
Attempt 1: Caught StaleElementReferenceException. Reinitializing elements...
Attempt 1: Caught StaleElementReferenceException. Reinitializing elements...
2024-12-29 13:27:51 [main] INFO  c.nagarro.ExitTest.utility.BaseTest - Test passed: Desired result is visible
]]></system-out>
    <system-err><![CDATA[Dec 29, 2024 1:27:37 PM org.openqa.selenium.devtools.CdpVersionFinder findNearestMatch
WARNING: Unable to find an exact match for CDP version 131, returning the closest version; found: 129; Please update to a Selenium version that supports CDP version 131
]]></system-err>
  </testcase>
  <testcase name="test_searchRoundtripFlight" classname="com.nagarro.ExitTest.Tests.Test_FlightsPage" time="10.776">
    <system-out><![CDATA[2024-12-29 13:27:51 [main] INFO  c.nagarro.ExitTest.utility.BaseTest - Setting up for test class: Test_FlightsPage
2024-12-29 13:27:51 [main] DEBUG i.g.bonigarcia.wdm.WebDriverManager - Using WebDriverManager 5.9.2
2024-12-29 13:27:51 [main] DEBUG i.g.b.wdm.cache.ResolutionCache - Resolution chrome=131 in cache (valid until 13:40:54 29/12/2024 IST)
2024-12-29 13:27:51 [main] DEBUG i.g.b.wdm.cache.ResolutionCache - Resolution chrome131=131.0.6778.204 in cache (valid until 12:40:54 30/12/2024 IST)
2024-12-29 13:27:51 [main] INFO  i.g.bonigarcia.wdm.WebDriverManager - Using chromedriver 131.0.6778.204 (resolved driver for Chrome 131)
2024-12-29 13:27:51 [main] DEBUG i.g.bonigarcia.wdm.WebDriverManager - Driver chromedriver 131.0.6778.204 found in cache
2024-12-29 13:27:51 [main] INFO  i.g.bonigarcia.wdm.WebDriverManager - Exporting webdriver.chrome.driver as C:\Users\dhruvshingari\.cache\selenium\chromedriver\win64\131.0.6778.204\chromedriver.exe
2024-12-29 13:27:58 [main] INFO  c.nagarro.ExitTest.utility.BaseTest - Stating test case: RoundTripFlight
2024-12-29 13:27:58 [main] INFO  c.nagarro.ExitTest.utility.BaseTest - navigating to flight page
2024-12-29 13:28:00 [main] INFO  c.nagarro.ExitTest.utility.BaseTest - searching for round trip flight
Attempt 1: Caught StaleElementReferenceException. Reinitializing elements...
Attempt 1: Caught StaleElementReferenceException. Reinitializing elements...
2024-12-29 13:28:09 [main] INFO  c.nagarro.ExitTest.utility.BaseTest - Test passed: Desired result is visible
]]></system-out>
    <system-err><![CDATA[Dec 29, 2024 1:27:53 PM org.openqa.selenium.devtools.CdpVersionFinder findNearestMatch
WARNING: Unable to find an exact match for CDP version 131, returning the closest version; found: 129; Please update to a Selenium version that supports CDP version 131
]]></system-err>
  </testcase>
  <testcase name="test_searchGroceryItem" classname="com.nagarro.ExitTest.Tests.Test_GroceryPage" time="4.201">
    <system-out><![CDATA[2024-12-29 13:28:09 [main] INFO  c.nagarro.ExitTest.utility.BaseTest - Setting up for test class: Test_GroceryPage
2024-12-29 13:28:09 [main] DEBUG i.g.bonigarcia.wdm.WebDriverManager - Using WebDriverManager 5.9.2
2024-12-29 13:28:09 [main] DEBUG i.g.b.wdm.cache.ResolutionCache - Resolution chrome=131 in cache (valid until 13:40:54 29/12/2024 IST)
2024-12-29 13:28:09 [main] DEBUG i.g.b.wdm.cache.ResolutionCache - Resolution chrome131=131.0.6778.204 in cache (valid until 12:40:54 30/12/2024 IST)
2024-12-29 13:28:09 [main] INFO  i.g.bonigarcia.wdm.WebDriverManager - Using chromedriver 131.0.6778.204 (resolved driver for Chrome 131)
2024-12-29 13:28:09 [main] DEBUG i.g.bonigarcia.wdm.WebDriverManager - Driver chromedriver 131.0.6778.204 found in cache
2024-12-29 13:28:09 [main] INFO  i.g.bonigarcia.wdm.WebDriverManager - Exporting webdriver.chrome.driver as C:\Users\dhruvshingari\.cache\selenium\chromedriver\win64\131.0.6778.204\chromedriver.exe
2024-12-29 13:28:15 [main] INFO  c.nagarro.ExitTest.utility.BaseTest - Starting test case: SearchGroceryItem
2024-12-29 13:28:15 [main] INFO  c.nagarro.ExitTest.utility.BaseTest - navigating to grocery page
2024-12-29 13:28:17 [main] INFO  c.nagarro.ExitTest.utility.BaseTest - Verifying Grocery page is visible or not
2024-12-29 13:28:17 [main] INFO  c.nagarro.ExitTest.utility.BaseTest - Entering pincode 143001
2024-12-29 13:28:17 [main] INFO  c.nagarro.ExitTest.utility.BaseTest - Searching for item:
2024-12-29 13:28:19 [main] INFO  c.nagarro.ExitTest.utility.BaseTest - Test case passed: Searched product chips is visible
]]></system-out>
    <system-err><![CDATA[Dec 29, 2024 1:28:11 PM org.openqa.selenium.devtools.CdpVersionFinder findNearestMatch
WARNING: Unable to find an exact match for CDP version 131, returning the closest version; found: 129; Please update to a Selenium version that supports CDP version 131
]]></system-err>
  </testcase>
  <testcase name="test_first_myntra" classname="com.nagarro.ExitTest.Tests.Test_GroupCompanies" time="4.215">
    <system-out><![CDATA[2024-12-29 13:28:19 [main] INFO  c.nagarro.ExitTest.utility.BaseTest - Setting up for test class: Test_GroupCompanies
2024-12-29 13:28:19 [main] DEBUG i.g.bonigarcia.wdm.WebDriverManager - Using WebDriverManager 5.9.2
2024-12-29 13:28:19 [main] DEBUG i.g.b.wdm.cache.ResolutionCache - Resolution chrome=131 in cache (valid until 13:40:54 29/12/2024 IST)
2024-12-29 13:28:19 [main] DEBUG i.g.b.wdm.cache.ResolutionCache - Resolution chrome131=131.0.6778.204 in cache (valid until 12:40:54 30/12/2024 IST)
2024-12-29 13:28:19 [main] INFO  i.g.bonigarcia.wdm.WebDriverManager - Using chromedriver 131.0.6778.204 (resolved driver for Chrome 131)
2024-12-29 13:28:19 [main] DEBUG i.g.bonigarcia.wdm.WebDriverManager - Driver chromedriver 131.0.6778.204 found in cache
2024-12-29 13:28:19 [main] INFO  i.g.bonigarcia.wdm.WebDriverManager - Exporting webdriver.chrome.driver as C:\Users\dhruvshingari\.cache\selenium\chromedriver\win64\131.0.6778.204\chromedriver.exe
2024-12-29 13:28:23 [main] INFO  c.nagarro.ExitTest.utility.BaseTest - Stating test case: navigateToMyntraPage
2024-12-29 13:28:23 [main] INFO  c.nagarro.ExitTest.utility.BaseTest - navigating to myntra website
2024-12-29 13:28:27 [main] INFO  c.nagarro.ExitTest.utility.BaseTest - Test passed: navigated to myntra
]]></system-out>
    <system-err><![CDATA[Dec 29, 2024 1:28:21 PM org.openqa.selenium.devtools.CdpVersionFinder findNearestMatch
WARNING: Unable to find an exact match for CDP version 131, returning the closest version; found: 129; Please update to a Selenium version that supports CDP version 131
]]></system-err>
  </testcase>
  <testcase name="test_second_cleartrip" classname="com.nagarro.ExitTest.Tests.Test_GroupCompanies" time="3.954">
    <system-out><![CDATA[2024-12-29 13:28:28 [main] INFO  c.nagarro.ExitTest.utility.BaseTest - Setting up for test class: Test_GroupCompanies
2024-12-29 13:28:28 [main] DEBUG i.g.bonigarcia.wdm.WebDriverManager - Using WebDriverManager 5.9.2
2024-12-29 13:28:28 [main] DEBUG i.g.b.wdm.cache.ResolutionCache - Resolution chrome=131 in cache (valid until 13:40:54 29/12/2024 IST)
2024-12-29 13:28:28 [main] DEBUG i.g.b.wdm.cache.ResolutionCache - Resolution chrome131=131.0.6778.204 in cache (valid until 12:40:54 30/12/2024 IST)
2024-12-29 13:28:28 [main] INFO  i.g.bonigarcia.wdm.WebDriverManager - Using chromedriver 131.0.6778.204 (resolved driver for Chrome 131)
2024-12-29 13:28:28 [main] DEBUG i.g.bonigarcia.wdm.WebDriverManager - Driver chromedriver 131.0.6778.204 found in cache
2024-12-29 13:28:28 [main] INFO  i.g.bonigarcia.wdm.WebDriverManager - Exporting webdriver.chrome.driver as C:\Users\dhruvshingari\.cache\selenium\chromedriver\win64\131.0.6778.204\chromedriver.exe
2024-12-29 13:28:32 [main] INFO  c.nagarro.ExitTest.utility.BaseTest - Stating test case: navigateToCleartripPage
2024-12-29 13:28:32 [main] INFO  c.nagarro.ExitTest.utility.BaseTest - navigating to cleartrip website
2024-12-29 13:28:36 [main] INFO  c.nagarro.ExitTest.utility.BaseTest - Test passed: navigated to cleartrip
]]></system-out>
    <system-err><![CDATA[Dec 29, 2024 1:28:29 PM org.openqa.selenium.devtools.CdpVersionFinder findNearestMatch
WARNING: Unable to find an exact match for CDP version 131, returning the closest version; found: 129; Please update to a Selenium version that supports CDP version 131
]]></system-err>
  </testcase>
  <testcase name="test_third_shopsy" classname="com.nagarro.ExitTest.Tests.Test_GroupCompanies" time="2.059">
    <system-out><![CDATA[2024-12-29 13:28:36 [main] INFO  c.nagarro.ExitTest.utility.BaseTest - Setting up for test class: Test_GroupCompanies
2024-12-29 13:28:36 [main] DEBUG i.g.bonigarcia.wdm.WebDriverManager - Using WebDriverManager 5.9.2
2024-12-29 13:28:36 [main] DEBUG i.g.b.wdm.cache.ResolutionCache - Resolution chrome=131 in cache (valid until 13:40:54 29/12/2024 IST)
2024-12-29 13:28:36 [main] DEBUG i.g.b.wdm.cache.ResolutionCache - Resolution chrome131=131.0.6778.204 in cache (valid until 12:40:54 30/12/2024 IST)
2024-12-29 13:28:36 [main] INFO  i.g.bonigarcia.wdm.WebDriverManager - Using chromedriver 131.0.6778.204 (resolved driver for Chrome 131)
2024-12-29 13:28:36 [main] DEBUG i.g.bonigarcia.wdm.WebDriverManager - Driver chromedriver 131.0.6778.204 found in cache
2024-12-29 13:28:36 [main] INFO  i.g.bonigarcia.wdm.WebDriverManager - Exporting webdriver.chrome.driver as C:\Users\dhruvshingari\.cache\selenium\chromedriver\win64\131.0.6778.204\chromedriver.exe
2024-12-29 13:28:41 [main] INFO  c.nagarro.ExitTest.utility.BaseTest - Stating test case: navigateToShopsyPage
2024-12-29 13:28:41 [main] INFO  c.nagarro.ExitTest.utility.BaseTest - navigating to shopsy website
2024-12-29 13:28:43 [main] INFO  c.nagarro.ExitTest.utility.BaseTest - Test passed: navigated to shopsy
]]></system-out>
    <system-err><![CDATA[Dec 29, 2024 1:28:38 PM org.openqa.selenium.devtools.CdpVersionFinder findNearestMatch
WARNING: Unable to find an exact match for CDP version 131, returning the closest version; found: 129; Please update to a Selenium version that supports CDP version 131
]]></system-err>
  </testcase>
  <testcase name="test_HomePageIsVisible" classname="com.nagarro.ExitTest.Tests.Test_Home" time="0.042">
    <system-out><![CDATA[2024-12-29 13:28:43 [main] INFO  c.nagarro.ExitTest.utility.BaseTest - Setting up for test class: Test_Home
2024-12-29 13:28:43 [main] DEBUG i.g.bonigarcia.wdm.WebDriverManager - Using WebDriverManager 5.9.2
2024-12-29 13:28:43 [main] DEBUG i.g.b.wdm.cache.ResolutionCache - Resolution chrome=131 in cache (valid until 13:40:54 29/12/2024 IST)
2024-12-29 13:28:43 [main] DEBUG i.g.b.wdm.cache.ResolutionCache - Resolution chrome131=131.0.6778.204 in cache (valid until 12:40:54 30/12/2024 IST)
2024-12-29 13:28:43 [main] INFO  i.g.bonigarcia.wdm.WebDriverManager - Using chromedriver 131.0.6778.204 (resolved driver for Chrome 131)
2024-12-29 13:28:43 [main] DEBUG i.g.bonigarcia.wdm.WebDriverManager - Driver chromedriver 131.0.6778.204 found in cache
2024-12-29 13:28:43 [main] INFO  i.g.bonigarcia.wdm.WebDriverManager - Exporting webdriver.chrome.driver as C:\Users\dhruvshingari\.cache\selenium\chromedriver\win64\131.0.6778.204\chromedriver.exe
2024-12-29 13:28:47 [main] INFO  c.nagarro.ExitTest.utility.BaseTest - Starting test case: verifyHomePageIsVisibleSuccessfully
2024-12-29 13:28:47 [main] INFO  c.nagarro.ExitTest.utility.BaseTest - Verifying if the home page is visible
2024-12-29 13:28:47 [main] INFO  c.nagarro.ExitTest.utility.BaseTest - Test passed: Home page is visible
]]></system-out>
    <system-err><![CDATA[Dec 29, 2024 1:28:45 PM org.openqa.selenium.devtools.CdpVersionFinder findNearestMatch
WARNING: Unable to find an exact match for CDP version 131, returning the closest version; found: 129; Please update to a Selenium version that supports CDP version 131
]]></system-err>
  </testcase>
  <testcase name="test_search[Pixel 9](1)" classname="com.nagarro.ExitTest.Tests.Test_Home" time="3.121">
    <system-out><![CDATA[2024-12-29 13:28:48 [main] INFO  c.nagarro.ExitTest.utility.BaseTest - Setting up for test class: Test_Home
2024-12-29 13:28:48 [main] DEBUG i.g.bonigarcia.wdm.WebDriverManager - Using WebDriverManager 5.9.2
2024-12-29 13:28:48 [main] DEBUG i.g.b.wdm.cache.ResolutionCache - Resolution chrome=131 in cache (valid until 13:40:54 29/12/2024 IST)
2024-12-29 13:28:48 [main] DEBUG i.g.b.wdm.cache.ResolutionCache - Resolution chrome131=131.0.6778.204 in cache (valid until 12:40:54 30/12/2024 IST)
2024-12-29 13:28:48 [main] INFO  i.g.bonigarcia.wdm.WebDriverManager - Using chromedriver 131.0.6778.204 (resolved driver for Chrome 131)
2024-12-29 13:28:48 [main] DEBUG i.g.bonigarcia.wdm.WebDriverManager - Driver chromedriver 131.0.6778.204 found in cache
2024-12-29 13:28:48 [main] INFO  i.g.bonigarcia.wdm.WebDriverManager - Exporting webdriver.chrome.driver as C:\Users\dhruvshingari\.cache\selenium\chromedriver\win64\131.0.6778.204\chromedriver.exe
2024-12-29 13:28:53 [main] INFO  c.nagarro.ExitTest.utility.BaseTest - Starting test case: searchForAProduct
2024-12-29 13:28:53 [main] INFO  c.nagarro.ExitTest.utility.BaseTest - search functionality test
2024-12-29 13:28:56 [main] INFO  c.nagarro.ExitTest.utility.BaseTest - Test passed: Searched product is visible
]]></system-out>
    <system-err><![CDATA[ERROR StatusLogger Log4j2 could not find a logging implementation. Please add log4j-core to the classpath. Using SimpleLogger to log to the console...
Dec 29, 2024 1:28:49 PM org.openqa.selenium.devtools.CdpVersionFinder findNearestMatch
WARNING: Unable to find an exact match for CDP version 131, returning the closest version; found: 129; Please update to a Selenium version that supports CDP version 131
]]></system-err>
  </testcase>
  <testcase name="test_search[Echo dot](2)" classname="com.nagarro.ExitTest.Tests.Test_Home" time="4.178">
    <system-out><![CDATA[2024-12-29 13:28:56 [main] INFO  c.nagarro.ExitTest.utility.BaseTest - Setting up for test class: Test_Home
2024-12-29 13:28:56 [main] DEBUG i.g.bonigarcia.wdm.WebDriverManager - Using WebDriverManager 5.9.2
2024-12-29 13:28:56 [main] DEBUG i.g.b.wdm.cache.ResolutionCache - Resolution chrome=131 in cache (valid until 13:40:54 29/12/2024 IST)
2024-12-29 13:28:56 [main] DEBUG i.g.b.wdm.cache.ResolutionCache - Resolution chrome131=131.0.6778.204 in cache (valid until 12:40:54 30/12/2024 IST)
2024-12-29 13:28:56 [main] INFO  i.g.bonigarcia.wdm.WebDriverManager - Using chromedriver 131.0.6778.204 (resolved driver for Chrome 131)
2024-12-29 13:28:56 [main] DEBUG i.g.bonigarcia.wdm.WebDriverManager - Driver chromedriver 131.0.6778.204 found in cache
2024-12-29 13:28:56 [main] INFO  i.g.bonigarcia.wdm.WebDriverManager - Exporting webdriver.chrome.driver as C:\Users\dhruvshingari\.cache\selenium\chromedriver\win64\131.0.6778.204\chromedriver.exe
2024-12-29 13:29:02 [main] INFO  c.nagarro.ExitTest.utility.BaseTest - Starting test case: searchForAProduct
2024-12-29 13:29:02 [main] INFO  c.nagarro.ExitTest.utility.BaseTest - search functionality test
2024-12-29 13:29:06 [main] INFO  c.nagarro.ExitTest.utility.BaseTest - Test passed: Searched product is visible
]]></system-out>
    <system-err><![CDATA[Dec 29, 2024 1:28:58 PM org.openqa.selenium.devtools.CdpVersionFinder findNearestMatch
WARNING: Unable to find an exact match for CDP version 131, returning the closest version; found: 129; Please update to a Selenium version that supports CDP version 131
]]></system-err>
  </testcase>
  <testcase name="test_navigateToCartPage" classname="com.nagarro.ExitTest.Tests.Test_Home" time="1.513">
    <system-out><![CDATA[2024-12-29 13:29:06 [main] INFO  c.nagarro.ExitTest.utility.BaseTest - Setting up for test class: Test_Home
2024-12-29 13:29:06 [main] DEBUG i.g.bonigarcia.wdm.WebDriverManager - Using WebDriverManager 5.9.2
2024-12-29 13:29:06 [main] DEBUG i.g.b.wdm.cache.ResolutionCache - Resolution chrome=131 in cache (valid until 13:40:54 29/12/2024 IST)
2024-12-29 13:29:06 [main] DEBUG i.g.b.wdm.cache.ResolutionCache - Resolution chrome131=131.0.6778.204 in cache (valid until 12:40:54 30/12/2024 IST)
2024-12-29 13:29:06 [main] INFO  i.g.bonigarcia.wdm.WebDriverManager - Using chromedriver 131.0.6778.204 (resolved driver for Chrome 131)
2024-12-29 13:29:06 [main] DEBUG i.g.bonigarcia.wdm.WebDriverManager - Driver chromedriver 131.0.6778.204 found in cache
2024-12-29 13:29:06 [main] INFO  i.g.bonigarcia.wdm.WebDriverManager - Exporting webdriver.chrome.driver as C:\Users\dhruvshingari\.cache\selenium\chromedriver\win64\131.0.6778.204\chromedriver.exe
2024-12-29 13:29:11 [main] INFO  c.nagarro.ExitTest.utility.BaseTest - Stating test case: navigateTocartPage
2024-12-29 13:29:11 [main] INFO  c.nagarro.ExitTest.utility.BaseTest - navigating to cart page
2024-12-29 13:29:12 [main] INFO  c.nagarro.ExitTest.utility.BaseTest - Test passed: cart page is visible
]]></system-out>
    <system-err><![CDATA[Dec 29, 2024 1:29:08 PM org.openqa.selenium.devtools.CdpVersionFinder findNearestMatch
WARNING: Unable to find an exact match for CDP version 131, returning the closest version; found: 129; Please update to a Selenium version that supports CDP version 131
]]></system-err>
  </testcase>
  <testcase name="test_navigateToSellerPage" classname="com.nagarro.ExitTest.Tests.Test_Home" time="5.151">
    <system-out><![CDATA[2024-12-29 13:29:13 [main] INFO  c.nagarro.ExitTest.utility.BaseTest - Setting up for test class: Test_Home
2024-12-29 13:29:13 [main] DEBUG i.g.bonigarcia.wdm.WebDriverManager - Using WebDriverManager 5.9.2
2024-12-29 13:29:13 [main] DEBUG i.g.b.wdm.cache.ResolutionCache - Resolution chrome=131 in cache (valid until 13:40:54 29/12/2024 IST)
2024-12-29 13:29:13 [main] DEBUG i.g.b.wdm.cache.ResolutionCache - Resolution chrome131=131.0.6778.204 in cache (valid until 12:40:54 30/12/2024 IST)
2024-12-29 13:29:13 [main] INFO  i.g.bonigarcia.wdm.WebDriverManager - Using chromedriver 131.0.6778.204 (resolved driver for Chrome 131)
2024-12-29 13:29:13 [main] DEBUG i.g.bonigarcia.wdm.WebDriverManager - Driver chromedriver 131.0.6778.204 found in cache
2024-12-29 13:29:13 [main] INFO  i.g.bonigarcia.wdm.WebDriverManager - Exporting webdriver.chrome.driver as C:\Users\dhruvshingari\.cache\selenium\chromedriver\win64\131.0.6778.204\chromedriver.exe
2024-12-29 13:29:19 [main] INFO  c.nagarro.ExitTest.utility.BaseTest - Stating test case: navigateToSellerPage
2024-12-29 13:29:19 [main] INFO  c.nagarro.ExitTest.utility.BaseTest - navigating to seller page
2024-12-29 13:29:24 [main] INFO  c.nagarro.ExitTest.utility.BaseTest - Test passed: seller page is visible
]]></system-out>
    <system-err><![CDATA[Dec 29, 2024 1:29:14 PM org.openqa.selenium.devtools.CdpVersionFinder findNearestMatch
WARNING: Unable to find an exact match for CDP version 131, returning the closest version; found: 129; Please update to a Selenium version that supports CDP version 131
]]></system-err>
  </testcase>
  <testcase name="test_navigateToAppliancesPage" classname="com.nagarro.ExitTest.Tests.Test_Home" time="1.336">
    <system-out><![CDATA[2024-12-29 13:29:27 [main] INFO  c.nagarro.ExitTest.utility.BaseTest - Setting up for test class: Test_Home
2024-12-29 13:29:27 [main] DEBUG i.g.bonigarcia.wdm.WebDriverManager - Using WebDriverManager 5.9.2
2024-12-29 13:29:27 [main] DEBUG i.g.b.wdm.cache.ResolutionCache - Resolution chrome=131 in cache (valid until 13:40:54 29/12/2024 IST)
2024-12-29 13:29:27 [main] DEBUG i.g.b.wdm.cache.ResolutionCache - Resolution chrome131=131.0.6778.204 in cache (valid until 12:40:54 30/12/2024 IST)
2024-12-29 13:29:27 [main] INFO  i.g.bonigarcia.wdm.WebDriverManager - Using chromedriver 131.0.6778.204 (resolved driver for Chrome 131)
2024-12-29 13:29:27 [main] DEBUG i.g.bonigarcia.wdm.WebDriverManager - Driver chromedriver 131.0.6778.204 found in cache
2024-12-29 13:29:27 [main] INFO  i.g.bonigarcia.wdm.WebDriverManager - Exporting webdriver.chrome.driver as C:\Users\dhruvshingari\.cache\selenium\chromedriver\win64\131.0.6778.204\chromedriver.exe
2024-12-29 13:29:32 [main] INFO  c.nagarro.ExitTest.utility.BaseTest - Stating test case: navigateToAppliancesPage
2024-12-29 13:29:32 [main] INFO  c.nagarro.ExitTest.utility.BaseTest - navigating to appliances page
2024-12-29 13:29:34 [main] INFO  c.nagarro.ExitTest.utility.BaseTest - Test passed: Appliances page is visible
]]></system-out>
    <system-err><![CDATA[Dec 29, 2024 1:29:28 PM org.openqa.selenium.devtools.CdpVersionFinder findNearestMatch
WARNING: Unable to find an exact match for CDP version 131, returning the closest version; found: 129; Please update to a Selenium version that supports CDP version 131
]]></system-err>
  </testcase>
  <testcase name="test_navigateToFlightPage" classname="com.nagarro.ExitTest.Tests.Test_Home" time="3.141">
    <system-out><![CDATA[2024-12-29 13:29:34 [main] INFO  c.nagarro.ExitTest.utility.BaseTest - Setting up for test class: Test_Home
2024-12-29 13:29:34 [main] DEBUG i.g.bonigarcia.wdm.WebDriverManager - Using WebDriverManager 5.9.2
2024-12-29 13:29:34 [main] DEBUG i.g.b.wdm.cache.ResolutionCache - Resolution chrome=131 in cache (valid until 13:40:54 29/12/2024 IST)
2024-12-29 13:29:34 [main] DEBUG i.g.b.wdm.cache.ResolutionCache - Resolution chrome131=131.0.6778.204 in cache (valid until 12:40:54 30/12/2024 IST)
2024-12-29 13:29:34 [main] INFO  i.g.bonigarcia.wdm.WebDriverManager - Using chromedriver 131.0.6778.204 (resolved driver for Chrome 131)
2024-12-29 13:29:34 [main] DEBUG i.g.bonigarcia.wdm.WebDriverManager - Driver chromedriver 131.0.6778.204 found in cache
2024-12-29 13:29:34 [main] INFO  i.g.bonigarcia.wdm.WebDriverManager - Exporting webdriver.chrome.driver as C:\Users\dhruvshingari\.cache\selenium\chromedriver\win64\131.0.6778.204\chromedriver.exe
2024-12-29 13:29:39 [main] INFO  c.nagarro.ExitTest.utility.BaseTest - Stating test case: navigateToFlightPage
2024-12-29 13:29:39 [main] INFO  c.nagarro.ExitTest.utility.BaseTest - navigating to flight page
2024-12-29 13:29:42 [main] INFO  c.nagarro.ExitTest.utility.BaseTest - Test passed: flights page is visible
]]></system-out>
    <system-err><![CDATA[Dec 29, 2024 1:29:36 PM org.openqa.selenium.devtools.CdpVersionFinder findNearestMatch
WARNING: Unable to find an exact match for CDP version 131, returning the closest version; found: 129; Please update to a Selenium version that supports CDP version 131
]]></system-err>
  </testcase>
  <testcase name="test_navigateToTermsAndConditionsPage" classname="com.nagarro.ExitTest.Tests.Test_Home" time="1.281">
    <system-out><![CDATA[2024-12-29 13:29:42 [main] INFO  c.nagarro.ExitTest.utility.BaseTest - Setting up for test class: Test_Home
2024-12-29 13:29:42 [main] DEBUG i.g.bonigarcia.wdm.WebDriverManager - Using WebDriverManager 5.9.2
2024-12-29 13:29:42 [main] DEBUG i.g.b.wdm.cache.ResolutionCache - Resolution chrome=131 in cache (valid until 13:40:54 29/12/2024 IST)
2024-12-29 13:29:42 [main] DEBUG i.g.b.wdm.cache.ResolutionCache - Resolution chrome131=131.0.6778.204 in cache (valid until 12:40:54 30/12/2024 IST)
2024-12-29 13:29:42 [main] INFO  i.g.bonigarcia.wdm.WebDriverManager - Using chromedriver 131.0.6778.204 (resolved driver for Chrome 131)
2024-12-29 13:29:42 [main] DEBUG i.g.bonigarcia.wdm.WebDriverManager - Driver chromedriver 131.0.6778.204 found in cache
2024-12-29 13:29:42 [main] INFO  i.g.bonigarcia.wdm.WebDriverManager - Exporting webdriver.chrome.driver as C:\Users\dhruvshingari\.cache\selenium\chromedriver\win64\131.0.6778.204\chromedriver.exe
2024-12-29 13:29:47 [main] INFO  c.nagarro.ExitTest.utility.BaseTest - Stating test case: navigateToTermsAndCondtionsPage
2024-12-29 13:29:48 [main] INFO  c.nagarro.ExitTest.utility.BaseTest - Verifying page is displayed or not
2024-12-29 13:29:49 [main] INFO  c.nagarro.ExitTest.utility.BaseTest - Test case passed: Page is visible
]]></system-out>
    <system-err><![CDATA[Dec 29, 2024 1:29:44 PM org.openqa.selenium.devtools.CdpVersionFinder findNearestMatch
WARNING: Unable to find an exact match for CDP version 131, returning the closest version; found: 129; Please update to a Selenium version that supports CDP version 131
]]></system-err>
  </testcase>
  <testcase name="test_invalidlogin" classname="com.nagarro.ExitTest.Tests.Test_Login" time="1.51">
    <system-out><![CDATA[2024-12-29 13:29:49 [main] INFO  c.nagarro.ExitTest.utility.BaseTest - Setting up for test class: Test_Login
2024-12-29 13:29:49 [main] DEBUG i.g.bonigarcia.wdm.WebDriverManager - Using WebDriverManager 5.9.2
2024-12-29 13:29:49 [main] DEBUG i.g.b.wdm.cache.ResolutionCache - Resolution chrome=131 in cache (valid until 13:40:54 29/12/2024 IST)
2024-12-29 13:29:49 [main] DEBUG i.g.b.wdm.cache.ResolutionCache - Resolution chrome131=131.0.6778.204 in cache (valid until 12:40:54 30/12/2024 IST)
2024-12-29 13:29:49 [main] INFO  i.g.bonigarcia.wdm.WebDriverManager - Using chromedriver 131.0.6778.204 (resolved driver for Chrome 131)
2024-12-29 13:29:49 [main] DEBUG i.g.bonigarcia.wdm.WebDriverManager - Driver chromedriver 131.0.6778.204 found in cache
2024-12-29 13:29:49 [main] INFO  i.g.bonigarcia.wdm.WebDriverManager - Exporting webdriver.chrome.driver as C:\Users\dhruvshingari\.cache\selenium\chromedriver\win64\131.0.6778.204\chromedriver.exe
2024-12-29 13:29:52 [main] INFO  c.nagarro.ExitTest.utility.BaseTest - starting test case: invalid login
2024-12-29 13:29:52 [main] INFO  c.nagarro.ExitTest.utility.BaseTest - navigating to Login page
2024-12-29 13:29:53 [main] INFO  c.nagarro.ExitTest.utility.BaseTest - entering invalid input
2024-12-29 13:29:54 [main] INFO  c.nagarro.ExitTest.utility.BaseTest - test case passed: error message visible
]]></system-out>
    <system-err><![CDATA[Dec 29, 2024 1:29:50 PM org.openqa.selenium.devtools.CdpVersionFinder findNearestMatch
WARNING: Unable to find an exact match for CDP version 131, returning the closest version; found: 129; Please update to a Selenium version that supports CDP version 131
]]></system-err>
  </testcase>
  <testcase name="sortProductByPriceLowToHigh" classname="com.nagarro.ExitTest.Tests.Test_Product" time="4.551">
    <system-out><![CDATA[2024-12-29 13:29:54 [main] INFO  c.nagarro.ExitTest.utility.BaseTest - Setting up for test class: Test_Product
2024-12-29 13:29:54 [main] DEBUG i.g.bonigarcia.wdm.WebDriverManager - Using WebDriverManager 5.9.2
2024-12-29 13:29:54 [main] DEBUG i.g.b.wdm.cache.ResolutionCache - Resolution chrome=131 in cache (valid until 13:40:54 29/12/2024 IST)
2024-12-29 13:29:54 [main] DEBUG i.g.b.wdm.cache.ResolutionCache - Resolution chrome131=131.0.6778.204 in cache (valid until 12:40:54 30/12/2024 IST)
2024-12-29 13:29:54 [main] INFO  i.g.bonigarcia.wdm.WebDriverManager - Using chromedriver 131.0.6778.204 (resolved driver for Chrome 131)
2024-12-29 13:29:54 [main] DEBUG i.g.bonigarcia.wdm.WebDriverManager - Driver chromedriver 131.0.6778.204 found in cache
2024-12-29 13:29:54 [main] INFO  i.g.bonigarcia.wdm.WebDriverManager - Exporting webdriver.chrome.driver as C:\Users\dhruvshingari\.cache\selenium\chromedriver\win64\131.0.6778.204\chromedriver.exe
2024-12-29 13:29:59 [main] INFO  c.nagarro.ExitTest.utility.BaseTest - Starting test case: sortProductByPriceLowToHigh
2024-12-29 13:29:59 [main] INFO  c.nagarro.ExitTest.utility.BaseTest - searching for product
2024-12-29 13:30:02 [main] INFO  c.nagarro.ExitTest.utility.BaseTest - Trying to sort product by price low to high
2024-12-29 13:30:02 [main] INFO  c.nagarro.ExitTest.utility.BaseTest - Verifying the result
Attempt 1: Caught StaleElementReferenceException. Reinitializing elements...
2024-12-29 13:30:03 [main] INFO  c.nagarro.ExitTest.utility.BaseTest - Sorted by price low to high
]]></system-out>
    <system-err><![CDATA[Dec 29, 2024 1:29:56 PM org.openqa.selenium.devtools.CdpVersionFinder findNearestMatch
WARNING: Unable to find an exact match for CDP version 131, returning the closest version; found: 129; Please update to a Selenium version that supports CDP version 131
]]></system-err>
  </testcase>
  <testcase name="verify_addToWishlistRequiresLogin" classname="com.nagarro.ExitTest.Tests.Test_Product" time="3.568">
    <system-out><![CDATA[2024-12-29 13:30:04 [main] INFO  c.nagarro.ExitTest.utility.BaseTest - Setting up for test class: Test_Product
2024-12-29 13:30:04 [main] DEBUG i.g.bonigarcia.wdm.WebDriverManager - Using WebDriverManager 5.9.2
2024-12-29 13:30:04 [main] DEBUG i.g.b.wdm.cache.ResolutionCache - Resolution chrome=131 in cache (valid until 13:40:54 29/12/2024 IST)
2024-12-29 13:30:04 [main] DEBUG i.g.b.wdm.cache.ResolutionCache - Resolution chrome131=131.0.6778.204 in cache (valid until 12:40:54 30/12/2024 IST)
2024-12-29 13:30:04 [main] INFO  i.g.bonigarcia.wdm.WebDriverManager - Using chromedriver 131.0.6778.204 (resolved driver for Chrome 131)
2024-12-29 13:30:04 [main] DEBUG i.g.bonigarcia.wdm.WebDriverManager - Driver chromedriver 131.0.6778.204 found in cache
2024-12-29 13:30:04 [main] INFO  i.g.bonigarcia.wdm.WebDriverManager - Exporting webdriver.chrome.driver as C:\Users\dhruvshingari\.cache\selenium\chromedriver\win64\131.0.6778.204\chromedriver.exe
2024-12-29 13:30:12 [main] INFO  c.nagarro.ExitTest.utility.BaseTest - Starting test case: addToCart
2024-12-29 13:30:12 [main] INFO  c.nagarro.ExitTest.utility.BaseTest - searching for product
2024-12-29 13:30:15 [main] INFO  c.nagarro.ExitTest.utility.BaseTest - Test case passes: addToWishlistRequiresLogin
]]></system-out>
    <system-err><![CDATA[Dec 29, 2024 1:30:05 PM org.openqa.selenium.devtools.CdpVersionFinder findNearestMatch
WARNING: Unable to find an exact match for CDP version 131, returning the closest version; found: 129; Please update to a Selenium version that supports CDP version 131
]]></system-err>
  </testcase>
  <testcase name="addToCart" classname="com.nagarro.ExitTest.Tests.Test_Product" time="6.488">
    <system-out><![CDATA[2024-12-29 13:30:16 [main] INFO  c.nagarro.ExitTest.utility.BaseTest - Setting up for test class: Test_Product
2024-12-29 13:30:16 [main] DEBUG i.g.bonigarcia.wdm.WebDriverManager - Using WebDriverManager 5.9.2
2024-12-29 13:30:16 [main] DEBUG i.g.b.wdm.cache.ResolutionCache - Resolution chrome=131 in cache (valid until 13:40:54 29/12/2024 IST)
2024-12-29 13:30:16 [main] DEBUG i.g.b.wdm.cache.ResolutionCache - Resolution chrome131=131.0.6778.204 in cache (valid until 12:40:54 30/12/2024 IST)
2024-12-29 13:30:16 [main] INFO  i.g.bonigarcia.wdm.WebDriverManager - Using chromedriver 131.0.6778.204 (resolved driver for Chrome 131)
2024-12-29 13:30:16 [main] DEBUG i.g.bonigarcia.wdm.WebDriverManager - Driver chromedriver 131.0.6778.204 found in cache
2024-12-29 13:30:16 [main] INFO  i.g.bonigarcia.wdm.WebDriverManager - Exporting webdriver.chrome.driver as C:\Users\dhruvshingari\.cache\selenium\chromedriver\win64\131.0.6778.204\chromedriver.exe
2024-12-29 13:30:20 [main] INFO  c.nagarro.ExitTest.utility.BaseTest - Starting test case: addToCart
2024-12-29 13:30:20 [main] INFO  c.nagarro.ExitTest.utility.BaseTest - searching for product
2024-12-29 13:30:24 [main] INFO  c.nagarro.ExitTest.utility.BaseTest - navigating to product page
2024-12-29 13:30:27 [main] INFO  c.nagarro.ExitTest.utility.BaseTest - Test case passes: Product added to cart
]]></system-out>
    <system-err><![CDATA[Dec 29, 2024 1:30:17 PM org.openqa.selenium.devtools.CdpVersionFinder findNearestMatch
WARNING: Unable to find an exact match for CDP version 131, returning the closest version; found: 129; Please update to a Selenium version that supports CDP version 131
]]></system-err>
  </testcase>
  <testcase name="test_navigateToSellerDashboard" classname="com.nagarro.ExitTest.Tests.Test_SellerPage" time="9.66">
    <system-out><![CDATA[2024-12-29 13:30:27 [main] INFO  c.nagarro.ExitTest.utility.BaseTest - Setting up for test class: Test_SellerPage
2024-12-29 13:30:27 [main] DEBUG i.g.bonigarcia.wdm.WebDriverManager - Using WebDriverManager 5.9.2
2024-12-29 13:30:27 [main] DEBUG i.g.b.wdm.cache.ResolutionCache - Resolution chrome=131 in cache (valid until 13:40:54 29/12/2024 IST)
2024-12-29 13:30:27 [main] DEBUG i.g.b.wdm.cache.ResolutionCache - Resolution chrome131=131.0.6778.204 in cache (valid until 12:40:54 30/12/2024 IST)
2024-12-29 13:30:27 [main] INFO  i.g.bonigarcia.wdm.WebDriverManager - Using chromedriver 131.0.6778.204 (resolved driver for Chrome 131)
2024-12-29 13:30:27 [main] DEBUG i.g.bonigarcia.wdm.WebDriverManager - Driver chromedriver 131.0.6778.204 found in cache
2024-12-29 13:30:27 [main] INFO  i.g.bonigarcia.wdm.WebDriverManager - Exporting webdriver.chrome.driver as C:\Users\dhruvshingari\.cache\selenium\chromedriver\win64\131.0.6778.204\chromedriver.exe
2024-12-29 13:30:33 [main] INFO  c.nagarro.ExitTest.utility.BaseTest - Stating test case: navigateToSellerDashboard
2024-12-29 13:30:33 [main] INFO  c.nagarro.ExitTest.utility.BaseTest - navigating to seller page
2024-12-29 13:30:43 [main] INFO  c.nagarro.ExitTest.utility.BaseTest - Test pass :navigated to seller dashboard
]]></system-out>
    <system-err><![CDATA[Dec 29, 2024 1:30:29 PM org.openqa.selenium.devtools.CdpVersionFinder findNearestMatch
WARNING: Unable to find an exact match for CDP version 131, returning the closest version; found: 129; Please update to a Selenium version that supports CDP version 131
]]></system-err>
  </testcase>
  <testcase name="verifyHelpTopics" classname="com.nagarro.ExitTest.Tests.Test_SupportPage" time="4.182">
    <system-out><![CDATA[2024-12-29 13:30:43 [main] INFO  c.nagarro.ExitTest.utility.BaseTest - Setting up for test class: Test_SupportPage
2024-12-29 13:30:43 [main] DEBUG i.g.bonigarcia.wdm.WebDriverManager - Using WebDriverManager 5.9.2
2024-12-29 13:30:43 [main] DEBUG i.g.b.wdm.cache.ResolutionCache - Resolution chrome=131 in cache (valid until 13:40:54 29/12/2024 IST)
2024-12-29 13:30:43 [main] DEBUG i.g.b.wdm.cache.ResolutionCache - Resolution chrome131=131.0.6778.204 in cache (valid until 12:40:54 30/12/2024 IST)
2024-12-29 13:30:43 [main] INFO  i.g.bonigarcia.wdm.WebDriverManager - Using chromedriver 131.0.6778.204 (resolved driver for Chrome 131)
2024-12-29 13:30:43 [main] DEBUG i.g.bonigarcia.wdm.WebDriverManager - Driver chromedriver 131.0.6778.204 found in cache
2024-12-29 13:30:43 [main] INFO  i.g.bonigarcia.wdm.WebDriverManager - Exporting webdriver.chrome.driver as C:\Users\dhruvshingari\.cache\selenium\chromedriver\win64\131.0.6778.204\chromedriver.exe
2024-12-29 13:30:50 [main] INFO  c.nagarro.ExitTest.utility.BaseTest - Starting test: VerifySupportPageTopics
2024-12-29 13:30:50 [main] INFO  c.nagarro.ExitTest.utility.BaseTest - Verifying support page is visible or not.
2024-12-29 13:30:52 [main] INFO  c.nagarro.ExitTest.utility.BaseTest - Customer support button clicked
2024-12-29 13:30:53 [main] INFO  c.nagarro.ExitTest.utility.BaseTest - Test case passed: Customer support page is visible
2024-12-29 13:30:53 [main] INFO  c.nagarro.ExitTest.utility.BaseTest - Verifying delivery topic is visible
2024-12-29 13:30:53 [main] INFO  c.nagarro.ExitTest.utility.BaseTest - Help topic delivery related clicked
2024-12-29 13:30:54 [main] INFO  c.nagarro.ExitTest.utility.BaseTest - Help topic delivery related is visible
2024-12-29 13:30:54 [main] INFO  c.nagarro.ExitTest.utility.BaseTest - Verifying refund topic is visible
2024-12-29 13:30:54 [main] INFO  c.nagarro.ExitTest.utility.BaseTest - Help topic refund related clicked
2024-12-29 13:30:54 [main] INFO  c.nagarro.ExitTest.utility.BaseTest - Help topic refund related is visible
2024-12-29 13:30:54 [main] INFO  c.nagarro.ExitTest.utility.BaseTest - Completed test: VerifySupportPageTopics
]]></system-out>
    <system-err><![CDATA[Dec 29, 2024 1:30:45 PM org.openqa.selenium.devtools.CdpVersionFinder findNearestMatch
WARNING: Unable to find an exact match for CDP version 131, returning the closest version; found: 129; Please update to a Selenium version that supports CDP version 131
]]></system-err>
  </testcase>
</testsuite>