<?xml version="1.0" encoding="UTF-8"?>
<testsuite xmlns:xsi="http://www.w3.org/2001/XMLSchema-instance" xsi:noNamespaceSchemaLocation="https://maven.apache.org/surefire/maven-surefire-plugin/xsd/surefire-test-report-3.0.xsd" version="3.0" name="TestSuite" time="64.284" tests="9" errors="0" skipped="0" failures="0">
  <properties>
[...]
</properties>
  <testcase name="test_navigateToAppliancesPage" classname="com.nagarro.ExitTest.Tests.Test_Home" time="1.536">
    <system-out><![CDATA[2024-12-27 15:07:04 [main] INFO  c.nagarro.ExitTest.utility.BaseTest - Setting up for test class: Test_Home
2024-12-27 15:07:04 [main] DEBUG i.g.bonigarcia.wdm.WebDriverManager - Using WebDriverManager 5.9.2
2024-12-27 15:07:05 [main] DEBUG i.g.b.wdm.cache.ResolutionCache - Resolution chrome=131 in cache (valid until 15:14:59 27/12/2024 IST)
2024-12-27 15:07:05 [main] DEBUG i.g.b.wdm.cache.ResolutionCache - Resolution chrome131=131.0.6778.204 in cache (valid until 02:02:45 28/12/2024 IST)
2024-12-27 15:07:05 [main] INFO  i.g.bonigarcia.wdm.WebDriverManager - Using chromedriver 131.0.6778.204 (resolved driver for Chrome 131)
2024-12-27 15:07:05 [main] DEBUG i.g.bonigarcia.wdm.WebDriverManager - Driver chromedriver 131.0.6778.204 found in cache
2024-12-27 15:07:05 [main] INFO  i.g.bonigarcia.wdm.WebDriverManager - Exporting webdriver.chrome.driver as C:\Users\dhruvshingari\.cache\selenium\chromedriver\win64\131.0.6778.204\chromedriver.exe
2024-12-27 15:07:10 [main] INFO  c.nagarro.ExitTest.utility.BaseTest - Stating test case: navigateToAppliancesPage
2024-12-27 15:07:10 [main] INFO  c.nagarro.ExitTest.utility.BaseTest - navigating to appliances page
2024-12-27 15:07:12 [main] INFO  c.nagarro.ExitTest.utility.BaseTest - Test passed: Appliances page is visible
]]></system-out>
    <system-err><![CDATA[Dec 27, 2024 3:07:06 PM org.openqa.selenium.devtools.CdpVersionFinder findNearestMatch
WARNING: Unable to find an exact match for CDP version 131, returning the closest version; found: 129; Please update to a Selenium version that supports CDP version 131
]]></system-err>
  </testcase>
  <testcase name="test_navigateToCartPage" classname="com.nagarro.ExitTest.Tests.Test_Home" time="1.427">
    <system-out><![CDATA[2024-12-27 15:07:12 [main] INFO  c.nagarro.ExitTest.utility.BaseTest - Setting up for test class: Test_Home
2024-12-27 15:07:12 [main] DEBUG i.g.bonigarcia.wdm.WebDriverManager - Using WebDriverManager 5.9.2
2024-12-27 15:07:12 [main] DEBUG i.g.b.wdm.cache.ResolutionCache - Resolution chrome=131 in cache (valid until 15:14:59 27/12/2024 IST)
2024-12-27 15:07:12 [main] DEBUG i.g.b.wdm.cache.ResolutionCache - Resolution chrome131=131.0.6778.204 in cache (valid until 02:02:45 28/12/2024 IST)
2024-12-27 15:07:12 [main] INFO  i.g.bonigarcia.wdm.WebDriverManager - Using chromedriver 131.0.6778.204 (resolved driver for Chrome 131)
2024-12-27 15:07:12 [main] DEBUG i.g.bonigarcia.wdm.WebDriverManager - Driver chromedriver 131.0.6778.204 found in cache
2024-12-27 15:07:12 [main] INFO  i.g.bonigarcia.wdm.WebDriverManager - Exporting webdriver.chrome.driver as C:\Users\dhruvshingari\.cache\selenium\chromedriver\win64\131.0.6778.204\chromedriver.exe
2024-12-27 15:07:16 [main] INFO  c.nagarro.ExitTest.utility.BaseTest - Stating test case: navigateTocartPage
2024-12-27 15:07:16 [main] INFO  c.nagarro.ExitTest.utility.BaseTest - navigating to cart page
2024-12-27 15:07:17 [main] INFO  c.nagarro.ExitTest.utility.BaseTest - Test passed: cart page is visible
]]></system-out>
    <system-err><![CDATA[Dec 27, 2024 3:07:13 PM org.openqa.selenium.devtools.CdpVersionFinder findNearestMatch
WARNING: Unable to find an exact match for CDP version 131, returning the closest version; found: 129; Please update to a Selenium version that supports CDP version 131
]]></system-err>
  </testcase>
  <testcase name="test_navigateToFlightPage" classname="com.nagarro.ExitTest.Tests.Test_Home" time="1.783">
    <system-out><![CDATA[2024-12-27 15:07:18 [main] INFO  c.nagarro.ExitTest.utility.BaseTest - Setting up for test class: Test_Home
2024-12-27 15:07:18 [main] DEBUG i.g.bonigarcia.wdm.WebDriverManager - Using WebDriverManager 5.9.2
2024-12-27 15:07:18 [main] DEBUG i.g.b.wdm.cache.ResolutionCache - Resolution chrome=131 in cache (valid until 15:14:59 27/12/2024 IST)
2024-12-27 15:07:18 [main] DEBUG i.g.b.wdm.cache.ResolutionCache - Resolution chrome131=131.0.6778.204 in cache (valid until 02:02:45 28/12/2024 IST)
2024-12-27 15:07:18 [main] INFO  i.g.bonigarcia.wdm.WebDriverManager - Using chromedriver 131.0.6778.204 (resolved driver for Chrome 131)
2024-12-27 15:07:18 [main] DEBUG i.g.bonigarcia.wdm.WebDriverManager - Driver chromedriver 131.0.6778.204 found in cache
2024-12-27 15:07:18 [main] INFO  i.g.bonigarcia.wdm.WebDriverManager - Exporting webdriver.chrome.driver as C:\Users\dhruvshingari\.cache\selenium\chromedriver\win64\131.0.6778.204\chromedriver.exe
2024-12-27 15:07:22 [main] INFO  c.nagarro.ExitTest.utility.BaseTest - Stating test case: navigateToFlightPage
2024-12-27 15:07:22 [main] INFO  c.nagarro.ExitTest.utility.BaseTest - navigating to flight page
2024-12-27 15:07:24 [main] INFO  c.nagarro.ExitTest.utility.BaseTest - Test passed: flights page is visible
]]></system-out>
    <system-err><![CDATA[Dec 27, 2024 3:07:19 PM org.openqa.selenium.devtools.CdpVersionFinder findNearestMatch
WARNING: Unable to find an exact match for CDP version 131, returning the closest version; found: 129; Please update to a Selenium version that supports CDP version 131
]]></system-err>
  </testcase>
  <testcase name="test_navigateToSellerPage" classname="com.nagarro.ExitTest.Tests.Test_Home" time="4.564">
    <system-out><![CDATA[2024-12-27 15:07:24 [main] INFO  c.nagarro.ExitTest.utility.BaseTest - Setting up for test class: Test_Home
2024-12-27 15:07:24 [main] DEBUG i.g.bonigarcia.wdm.WebDriverManager - Using WebDriverManager 5.9.2
2024-12-27 15:07:24 [main] DEBUG i.g.b.wdm.cache.ResolutionCache - Resolution chrome=131 in cache (valid until 15:14:59 27/12/2024 IST)
2024-12-27 15:07:24 [main] DEBUG i.g.b.wdm.cache.ResolutionCache - Resolution chrome131=131.0.6778.204 in cache (valid until 02:02:45 28/12/2024 IST)
2024-12-27 15:07:24 [main] INFO  i.g.bonigarcia.wdm.WebDriverManager - Using chromedriver 131.0.6778.204 (resolved driver for Chrome 131)
2024-12-27 15:07:24 [main] DEBUG i.g.bonigarcia.wdm.WebDriverManager - Driver chromedriver 131.0.6778.204 found in cache
2024-12-27 15:07:24 [main] INFO  i.g.bonigarcia.wdm.WebDriverManager - Exporting webdriver.chrome.driver as C:\Users\dhruvshingari\.cache\selenium\chromedriver\win64\131.0.6778.204\chromedriver.exe
2024-12-27 15:07:28 [main] INFO  c.nagarro.ExitTest.utility.BaseTest - Stating test case: navigateToSellerPage
2024-12-27 15:07:28 [main] INFO  c.nagarro.ExitTest.utility.BaseTest - navigating to seller page
2024-12-27 15:07:32 [main] INFO  c.nagarro.ExitTest.utility.BaseTest - Test passed: seller page is visible
]]></system-out>
    <system-err><![CDATA[Dec 27, 2024 3:07:25 PM org.openqa.selenium.devtools.CdpVersionFinder findNearestMatch
WARNING: Unable to find an exact match for CDP version 131, returning the closest version; found: 129; Please update to a Selenium version that supports CDP version 131
]]></system-err>
  </testcase>
  <testcase name="test_search" classname="com.nagarro.ExitTest.Tests.Test_Home" time="2.184">
    <system-out><![CDATA[2024-12-27 15:07:33 [main] INFO  c.nagarro.ExitTest.utility.BaseTest - Setting up for test class: Test_Home
2024-12-27 15:07:33 [main] DEBUG i.g.bonigarcia.wdm.WebDriverManager - Using WebDriverManager 5.9.2
2024-12-27 15:07:33 [main] DEBUG i.g.b.wdm.cache.ResolutionCache - Resolution chrome=131 in cache (valid until 15:14:59 27/12/2024 IST)
2024-12-27 15:07:33 [main] DEBUG i.g.b.wdm.cache.ResolutionCache - Resolution chrome131=131.0.6778.204 in cache (valid until 02:02:45 28/12/2024 IST)
2024-12-27 15:07:33 [main] INFO  i.g.bonigarcia.wdm.WebDriverManager - Using chromedriver 131.0.6778.204 (resolved driver for Chrome 131)
2024-12-27 15:07:33 [main] DEBUG i.g.bonigarcia.wdm.WebDriverManager - Driver chromedriver 131.0.6778.204 found in cache
2024-12-27 15:07:33 [main] INFO  i.g.bonigarcia.wdm.WebDriverManager - Exporting webdriver.chrome.driver as C:\Users\dhruvshingari\.cache\selenium\chromedriver\win64\131.0.6778.204\chromedriver.exe
2024-12-27 15:07:37 [main] INFO  c.nagarro.ExitTest.utility.BaseTest - Starting test case: searchForAProduct
2024-12-27 15:07:37 [main] INFO  c.nagarro.ExitTest.utility.BaseTest - search functionality test
2024-12-27 15:07:39 [main] INFO  c.nagarro.ExitTest.utility.BaseTest - Test passed: Searched product is visible
]]></system-out>
    <system-err><![CDATA[Dec 27, 2024 3:07:34 PM org.openqa.selenium.devtools.CdpVersionFinder findNearestMatch
WARNING: Unable to find an exact match for CDP version 131, returning the closest version; found: 129; Please update to a Selenium version that supports CDP version 131
]]></system-err>
  </testcase>
  <testcase name="verifyHomePageIsVisible" classname="com.nagarro.ExitTest.Tests.Test_Home" time="0.027">
    <system-out><![CDATA[2024-12-27 15:07:39 [main] INFO  c.nagarro.ExitTest.utility.BaseTest - Setting up for test class: Test_Home
2024-12-27 15:07:39 [main] DEBUG i.g.bonigarcia.wdm.WebDriverManager - Using WebDriverManager 5.9.2
2024-12-27 15:07:39 [main] DEBUG i.g.b.wdm.cache.ResolutionCache - Resolution chrome=131 in cache (valid until 15:14:59 27/12/2024 IST)
2024-12-27 15:07:39 [main] DEBUG i.g.b.wdm.cache.ResolutionCache - Resolution chrome131=131.0.6778.204 in cache (valid until 02:02:45 28/12/2024 IST)
2024-12-27 15:07:39 [main] INFO  i.g.bonigarcia.wdm.WebDriverManager - Using chromedriver 131.0.6778.204 (resolved driver for Chrome 131)
2024-12-27 15:07:39 [main] DEBUG i.g.bonigarcia.wdm.WebDriverManager - Driver chromedriver 131.0.6778.204 found in cache
2024-12-27 15:07:39 [main] INFO  i.g.bonigarcia.wdm.WebDriverManager - Exporting webdriver.chrome.driver as C:\Users\dhruvshingari\.cache\selenium\chromedriver\win64\131.0.6778.204\chromedriver.exe
2024-12-27 15:07:43 [main] INFO  c.nagarro.ExitTest.utility.BaseTest - Starting test case: verifyHomePageIsVisibleSuccessfully
2024-12-27 15:07:43 [main] INFO  c.nagarro.ExitTest.utility.BaseTest - Verifying if the home page is visible
2024-12-27 15:07:43 [main] INFO  c.nagarro.ExitTest.utility.BaseTest - Test passed: Home page is visible
]]></system-out>
    <system-err><![CDATA[Dec 27, 2024 3:07:40 PM org.openqa.selenium.devtools.CdpVersionFinder findNearestMatch
WARNING: Unable to find an exact match for CDP version 131, returning the closest version; found: 129; Please update to a Selenium version that supports CDP version 131
]]></system-err>
  </testcase>
  <testcase name="addToCart" classname="com.nagarro.ExitTest.Tests.Test_Product" time="5.64">
    <system-out><![CDATA[2024-12-27 15:07:43 [main] INFO  c.nagarro.ExitTest.utility.BaseTest - Setting up for test class: Test_Product
2024-12-27 15:07:43 [main] DEBUG i.g.bonigarcia.wdm.WebDriverManager - Using WebDriverManager 5.9.2
2024-12-27 15:07:43 [main] DEBUG i.g.b.wdm.cache.ResolutionCache - Resolution chrome=131 in cache (valid until 15:14:59 27/12/2024 IST)
2024-12-27 15:07:43 [main] DEBUG i.g.b.wdm.cache.ResolutionCache - Resolution chrome131=131.0.6778.204 in cache (valid until 02:02:45 28/12/2024 IST)
2024-12-27 15:07:43 [main] INFO  i.g.bonigarcia.wdm.WebDriverManager - Using chromedriver 131.0.6778.204 (resolved driver for Chrome 131)
2024-12-27 15:07:43 [main] DEBUG i.g.bonigarcia.wdm.WebDriverManager - Driver chromedriver 131.0.6778.204 found in cache
2024-12-27 15:07:43 [main] INFO  i.g.bonigarcia.wdm.WebDriverManager - Exporting webdriver.chrome.driver as C:\Users\dhruvshingari\.cache\selenium\chromedriver\win64\131.0.6778.204\chromedriver.exe
2024-12-27 15:07:47 [main] INFO  c.nagarro.ExitTest.utility.BaseTest - Starting test case: addToCart
2024-12-27 15:07:47 [main] INFO  c.nagarro.ExitTest.utility.BaseTest - searching for product
2024-12-27 15:07:49 [main] INFO  c.nagarro.ExitTest.utility.BaseTest - navigating to product page
2024-12-27 15:07:53 [main] INFO  c.nagarro.ExitTest.utility.BaseTest - Test case passes: Product added to cart
]]></system-out>
    <system-err><![CDATA[Dec 27, 2024 3:07:44 PM org.openqa.selenium.devtools.CdpVersionFinder findNearestMatch
WARNING: Unable to find an exact match for CDP version 131, returning the closest version; found: 129; Please update to a Selenium version that supports CDP version 131
]]></system-err>
  </testcase>
  <testcase name="sortProductByPriceLowToHigh" classname="com.nagarro.ExitTest.Tests.Test_Product" time="3.267">
    <system-out><![CDATA[2024-12-27 15:07:53 [main] INFO  c.nagarro.ExitTest.utility.BaseTest - Setting up for test class: Test_Product
2024-12-27 15:07:53 [main] DEBUG i.g.bonigarcia.wdm.WebDriverManager - Using WebDriverManager 5.9.2
2024-12-27 15:07:53 [main] DEBUG i.g.b.wdm.cache.ResolutionCache - Resolution chrome=131 in cache (valid until 15:14:59 27/12/2024 IST)
2024-12-27 15:07:53 [main] DEBUG i.g.b.wdm.cache.ResolutionCache - Resolution chrome131=131.0.6778.204 in cache (valid until 02:02:45 28/12/2024 IST)
2024-12-27 15:07:53 [main] INFO  i.g.bonigarcia.wdm.WebDriverManager - Using chromedriver 131.0.6778.204 (resolved driver for Chrome 131)
2024-12-27 15:07:53 [main] DEBUG i.g.bonigarcia.wdm.WebDriverManager - Driver chromedriver 131.0.6778.204 found in cache
2024-12-27 15:07:53 [main] INFO  i.g.bonigarcia.wdm.WebDriverManager - Exporting webdriver.chrome.driver as C:\Users\dhruvshingari\.cache\selenium\chromedriver\win64\131.0.6778.204\chromedriver.exe
2024-12-27 15:07:56 [main] INFO  c.nagarro.ExitTest.utility.BaseTest - Starting test case: sortProductByPriceLowToHigh
2024-12-27 15:07:56 [main] INFO  c.nagarro.ExitTest.utility.BaseTest - searching for product
2024-12-27 15:07:59 [main] INFO  c.nagarro.ExitTest.utility.BaseTest - Trying to sort product by price low to high
2024-12-27 15:07:59 [main] INFO  c.nagarro.ExitTest.utility.BaseTest - Verifying the result
Attempt 1: Caught StaleElementReferenceException. Reinitializing elements...
2024-12-27 15:08:00 [main] INFO  c.nagarro.ExitTest.utility.BaseTest - Sorted by price low to high
]]></system-out>
    <system-err><![CDATA[Dec 27, 2024 3:07:54 PM org.openqa.selenium.devtools.CdpVersionFinder findNearestMatch
WARNING: Unable to find an exact match for CDP version 131, returning the closest version; found: 129; Please update to a Selenium version that supports CDP version 131
]]></system-err>
  </testcase>
  <testcase name="verify_addToWishlistRequiresLogin" classname="com.nagarro.ExitTest.Tests.Test_Product" time="2.454">
    <system-out><![CDATA[2024-12-27 15:08:00 [main] INFO  c.nagarro.ExitTest.utility.BaseTest - Setting up for test class: Test_Product
2024-12-27 15:08:00 [main] DEBUG i.g.bonigarcia.wdm.WebDriverManager - Using WebDriverManager 5.9.2
2024-12-27 15:08:00 [main] DEBUG i.g.b.wdm.cache.ResolutionCache - Resolution chrome=131 in cache (valid until 15:14:59 27/12/2024 IST)
2024-12-27 15:08:00 [main] DEBUG i.g.b.wdm.cache.ResolutionCache - Resolution chrome131=131.0.6778.204 in cache (valid until 02:02:45 28/12/2024 IST)
2024-12-27 15:08:00 [main] INFO  i.g.bonigarcia.wdm.WebDriverManager - Using chromedriver 131.0.6778.204 (resolved driver for Chrome 131)
2024-12-27 15:08:00 [main] DEBUG i.g.bonigarcia.wdm.WebDriverManager - Driver chromedriver 131.0.6778.204 found in cache
2024-12-27 15:08:00 [main] INFO  i.g.bonigarcia.wdm.WebDriverManager - Exporting webdriver.chrome.driver as C:\Users\dhruvshingari\.cache\selenium\chromedriver\win64\131.0.6778.204\chromedriver.exe
2024-12-27 15:08:04 [main] INFO  c.nagarro.ExitTest.utility.BaseTest - Starting test case: addToCart
2024-12-27 15:08:04 [main] INFO  c.nagarro.ExitTest.utility.BaseTest - searching for product
2024-12-27 15:08:07 [main] INFO  c.nagarro.ExitTest.utility.BaseTest - Test case passes: addToWishlistRequiresLogin
]]></system-out>
    <system-err><![CDATA[Dec 27, 2024 3:08:01 PM org.openqa.selenium.devtools.CdpVersionFinder findNearestMatch
WARNING: Unable to find an exact match for CDP version 131, returning the closest version; found: 129; Please update to a Selenium version that supports CDP version 131
]]></system-err>
  </testcase>
</testsuite>