<?xml version="1.0" encoding="UTF-8"?>
<testng-results ignored="2" total="11" passed="9" failed="0" skipped="0">
  <reporter-output>
  </reporter-output>
  <suite started-at="2024-12-27T14:55:42 IST" name="Suite" finished-at="2024-12-27T14:56:46 IST" duration-ms="63135">
    <groups>
    </groups>
    <test started-at="2024-12-27T14:55:42 IST" name="Test" finished-at="2024-12-27T14:56:46 IST" duration-ms="63135">
      <class name="com.nagarro.ExitTest.Tests.Test_Home">
        <test-method is-config="true" signature="setupExtentReports()[pri:0, instance:com.nagarro.ExitTest.Tests.Test_Home@660acfb]" started-at="2024-12-27T14:55:42 IST" name="setupExtentReports" finished-at="2024-12-27T14:55:42 IST" duration-ms="215" status="PASS">
          <reporter-output>
          </reporter-output>
        </test-method> <!-- setupExtentReports -->
        <test-method is-config="true" signature="setUp()[pri:0, instance:com.nagarro.ExitTest.Tests.Test_Home@660acfb]" started-at="2024-12-27T14:55:42 IST" name="setUp" finished-at="2024-12-27T14:55:48 IST" duration-ms="5642" status="PASS">
          <reporter-output>
          </reporter-output>
        </test-method> <!-- setUp -->
        <test-method signature="test_navigateToAppliancesPage()[pri:0, instance:com.nagarro.ExitTest.Tests.Test_Home@660acfb]" started-at="2024-12-27T14:55:48 IST" name="test_navigateToAppliancesPage" finished-at="2024-12-27T14:55:50 IST" duration-ms="1467" status="PASS">
          <reporter-output>
          </reporter-output>
        </test-method> <!-- test_navigateToAppliancesPage -->
        <test-method is-config="true" signature="tearDown(org.testng.ITestResult)[pri:0, instance:com.nagarro.ExitTest.Tests.Test_Home@660acfb]" started-at="2024-12-27T14:55:50 IST" name="tearDown" finished-at="2024-12-27T14:55:50 IST" duration-ms="256" status="PASS">
          <params>
            <param index="0">
              <value>
                <![CDATA[[TestResult name=test_navigateToAppliancesPage status=SUCCESS method=Test_Home.test_navigateToAppliancesPage()[pri:0, instance:com.nagarro.ExitTest.Tests.Test_Home@660acfb] output={null}]]]>
              </value>
            </param>
          </params>
          <reporter-output>
          </reporter-output>
        </test-method> <!-- tearDown -->
        <test-method is-config="true" signature="setUp()[pri:0, instance:com.nagarro.ExitTest.Tests.Test_Home@660acfb]" started-at="2024-12-27T14:55:50 IST" name="setUp" finished-at="2024-12-27T14:55:54 IST" duration-ms="4037" status="PASS">
          <reporter-output>
          </reporter-output>
        </test-method> <!-- setUp -->
        <test-method signature="test_navigateToCartPage()[pri:0, instance:com.nagarro.ExitTest.Tests.Test_Home@660acfb]" started-at="2024-12-27T14:55:54 IST" name="test_navigateToCartPage" finished-at="2024-12-27T14:55:56 IST" duration-ms="1689" status="PASS">
          <reporter-output>
          </reporter-output>
        </test-method> <!-- test_navigateToCartPage -->
        <test-method is-config="true" signature="tearDown(org.testng.ITestResult)[pri:0, instance:com.nagarro.ExitTest.Tests.Test_Home@660acfb]" started-at="2024-12-27T14:55:56 IST" name="tearDown" finished-at="2024-12-27T14:55:56 IST" duration-ms="281" status="PASS">
          <params>
            <param index="0">
              <value>
                <![CDATA[[TestResult name=test_navigateToCartPage status=SUCCESS method=Test_Home.test_navigateToCartPage()[pri:0, instance:com.nagarro.ExitTest.Tests.Test_Home@660acfb] output={null}]]]>
              </value>
            </param>
          </params>
          <reporter-output>
          </reporter-output>
        </test-method> <!-- tearDown -->
        <test-method is-config="true" signature="setUp()[pri:0, instance:com.nagarro.ExitTest.Tests.Test_Home@660acfb]" started-at="2024-12-27T14:55:56 IST" name="setUp" finished-at="2024-12-27T14:56:00 IST" duration-ms="3827" status="PASS">
          <reporter-output>
          </reporter-output>
        </test-method> <!-- setUp -->
        <test-method signature="test_navigateToFlightPage()[pri:0, instance:com.nagarro.ExitTest.Tests.Test_Home@660acfb]" started-at="2024-12-27T14:56:00 IST" name="test_navigateToFlightPage" finished-at="2024-12-27T14:56:01 IST" duration-ms="1793" status="PASS">
          <reporter-output>
          </reporter-output>
        </test-method> <!-- test_navigateToFlightPage -->
        <test-method is-config="true" signature="tearDown(org.testng.ITestResult)[pri:0, instance:com.nagarro.ExitTest.Tests.Test_Home@660acfb]" started-at="2024-12-27T14:56:01 IST" name="tearDown" finished-at="2024-12-27T14:56:02 IST" duration-ms="242" status="PASS">
          <params>
            <param index="0">
              <value>
                <![CDATA[[TestResult name=test_navigateToFlightPage status=SUCCESS method=Test_Home.test_navigateToFlightPage()[pri:0, instance:com.nagarro.ExitTest.Tests.Test_Home@660acfb] output={null}]]]>
              </value>
            </param>
          </params>
          <reporter-output>
          </reporter-output>
        </test-method> <!-- tearDown -->
        <test-method is-config="true" signature="setUp()[pri:0, instance:com.nagarro.ExitTest.Tests.Test_Home@660acfb]" started-at="2024-12-27T14:56:02 IST" name="setUp" finished-at="2024-12-27T14:56:06 IST" duration-ms="4487" status="PASS">
          <reporter-output>
          </reporter-output>
        </test-method> <!-- setUp -->
        <test-method signature="test_navigateToSellerPage()[pri:0, instance:com.nagarro.ExitTest.Tests.Test_Home@660acfb]" started-at="2024-12-27T14:56:06 IST" name="test_navigateToSellerPage" finished-at="2024-12-27T14:56:10 IST" duration-ms="4173" status="PASS">
          <reporter-output>
          </reporter-output>
        </test-method> <!-- test_navigateToSellerPage -->
        <test-method is-config="true" signature="tearDown(org.testng.ITestResult)[pri:0, instance:com.nagarro.ExitTest.Tests.Test_Home@660acfb]" started-at="2024-12-27T14:56:10 IST" name="tearDown" finished-at="2024-12-27T14:56:11 IST" duration-ms="408" status="PASS">
          <params>
            <param index="0">
              <value>
                <![CDATA[[TestResult name=test_navigateToSellerPage status=SUCCESS method=Test_Home.test_navigateToSellerPage()[pri:0, instance:com.nagarro.ExitTest.Tests.Test_Home@660acfb] output={null}]]]>
              </value>
            </param>
          </params>
          <reporter-output>
          </reporter-output>
        </test-method> <!-- tearDown -->
        <test-method is-config="true" signature="setUp()[pri:0, instance:com.nagarro.ExitTest.Tests.Test_Home@660acfb]" started-at="2024-12-27T14:56:11 IST" name="setUp" finished-at="2024-12-27T14:56:14 IST" duration-ms="3498" status="PASS">
          <reporter-output>
          </reporter-output>
        </test-method> <!-- setUp -->
        <test-method signature="test_search()[pri:0, instance:com.nagarro.ExitTest.Tests.Test_Home@660acfb]" started-at="2024-12-27T14:56:14 IST" name="test_search" finished-at="2024-12-27T14:56:16 IST" duration-ms="2052" status="PASS">
          <reporter-output>
          </reporter-output>
        </test-method> <!-- test_search -->
        <test-method is-config="true" signature="tearDown(org.testng.ITestResult)[pri:0, instance:com.nagarro.ExitTest.Tests.Test_Home@660acfb]" started-at="2024-12-27T14:56:16 IST" name="tearDown" finished-at="2024-12-27T14:56:17 IST" duration-ms="221" status="PASS">
          <params>
            <param index="0">
              <value>
                <![CDATA[[TestResult name=test_search status=SUCCESS method=Test_Home.test_search()[pri:0, instance:com.nagarro.ExitTest.Tests.Test_Home@660acfb] output={null}]]]>
              </value>
            </param>
          </params>
          <reporter-output>
          </reporter-output>
        </test-method> <!-- tearDown -->
        <test-method is-config="true" signature="setUp()[pri:0, instance:com.nagarro.ExitTest.Tests.Test_Home@660acfb]" started-at="2024-12-27T14:56:17 IST" name="setUp" finished-at="2024-12-27T14:56:21 IST" duration-ms="4132" status="PASS">
          <reporter-output>
          </reporter-output>
        </test-method> <!-- setUp -->
        <test-method signature="verifyHomePageIsVisible()[pri:0, instance:com.nagarro.ExitTest.Tests.Test_Home@660acfb]" started-at="2024-12-27T14:56:21 IST" name="verifyHomePageIsVisible" finished-at="2024-12-27T14:56:21 IST" duration-ms="50" status="PASS">
          <reporter-output>
          </reporter-output>
        </test-method> <!-- verifyHomePageIsVisible -->
        <test-method is-config="true" signature="tearDown(org.testng.ITestResult)[pri:0, instance:com.nagarro.ExitTest.Tests.Test_Home@660acfb]" started-at="2024-12-27T14:56:21 IST" name="tearDown" finished-at="2024-12-27T14:56:21 IST" duration-ms="271" status="PASS">
          <params>
            <param index="0">
              <value>
                <![CDATA[[TestResult name=verifyHomePageIsVisible status=SUCCESS method=Test_Home.verifyHomePageIsVisible()[pri:0, instance:com.nagarro.ExitTest.Tests.Test_Home@660acfb] output={null}]]]>
              </value>
            </param>
          </params>
          <reporter-output>
          </reporter-output>
        </test-method> <!-- tearDown -->
        <test-method is-config="true" signature="tearDownExtentReports()[pri:0, instance:com.nagarro.ExitTest.Tests.Test_Home@660acfb]" started-at="2024-12-27T14:56:46 IST" name="tearDownExtentReports" finished-at="2024-12-27T14:56:46 IST" duration-ms="334" status="PASS">
          <reporter-output>
          </reporter-output>
        </test-method> <!-- tearDownExtentReports -->
      </class> <!-- com.nagarro.ExitTest.Tests.Test_Home -->
      <class name="com.nagarro.ExitTest.Tests.Test_Product">
        <test-method is-config="true" signature="setUp()[pri:0, instance:com.nagarro.ExitTest.Tests.Test_Product@f58853c]" started-at="2024-12-27T14:56:21 IST" name="setUp" finished-at="2024-12-27T14:56:24 IST" duration-ms="3478" status="PASS">
          <reporter-output>
          </reporter-output>
        </test-method> <!-- setUp -->
        <test-method signature="addToCart()[pri:0, instance:com.nagarro.ExitTest.Tests.Test_Product@f58853c]" started-at="2024-12-27T14:56:24 IST" name="addToCart" finished-at="2024-12-27T14:56:30 IST" duration-ms="5746" status="PASS">
          <reporter-output>
          </reporter-output>
        </test-method> <!-- addToCart -->
        <test-method is-config="true" signature="tearDown(org.testng.ITestResult)[pri:0, instance:com.nagarro.ExitTest.Tests.Test_Product@f58853c]" started-at="2024-12-27T14:56:30 IST" name="tearDown" finished-at="2024-12-27T14:56:31 IST" duration-ms="338" status="PASS">
          <params>
            <param index="0">
              <value>
                <![CDATA[[TestResult name=addToCart status=SUCCESS method=Test_Product.addToCart()[pri:0, instance:com.nagarro.ExitTest.Tests.Test_Product@f58853c] output={null}]]]>
              </value>
            </param>
          </params>
          <reporter-output>
          </reporter-output>
        </test-method> <!-- tearDown -->
        <test-method is-config="true" signature="setUp()[pri:0, instance:com.nagarro.ExitTest.Tests.Test_Product@f58853c]" started-at="2024-12-27T14:56:31 IST" name="setUp" finished-at="2024-12-27T14:56:35 IST" duration-ms="4283" status="PASS">
          <reporter-output>
          </reporter-output>
        </test-method> <!-- setUp -->
        <test-method signature="sortProductByPriceLowToHigh()[pri:0, instance:com.nagarro.ExitTest.Tests.Test_Product@f58853c]" started-at="2024-12-27T14:56:35 IST" name="sortProductByPriceLowToHigh" finished-at="2024-12-27T14:56:38 IST" duration-ms="3592" status="PASS">
          <reporter-output>
          </reporter-output>
        </test-method> <!-- sortProductByPriceLowToHigh -->
        <test-method is-config="true" signature="tearDown(org.testng.ITestResult)[pri:0, instance:com.nagarro.ExitTest.Tests.Test_Product@f58853c]" started-at="2024-12-27T14:56:38 IST" name="tearDown" finished-at="2024-12-27T14:56:39 IST" duration-ms="219" status="PASS">
          <params>
            <param index="0">
              <value>
                <![CDATA[[TestResult name=sortProductByPriceLowToHigh status=SUCCESS method=Test_Product.sortProductByPriceLowToHigh()[pri:0, instance:com.nagarro.ExitTest.Tests.Test_Product@f58853c] output={null}]]]>
              </value>
            </param>
          </params>
          <reporter-output>
          </reporter-output>
        </test-method> <!-- tearDown -->
        <test-method is-config="true" signature="setUp()[pri:0, instance:com.nagarro.ExitTest.Tests.Test_Product@f58853c]" started-at="2024-12-27T14:56:39 IST" name="setUp" finished-at="2024-12-27T14:56:43 IST" duration-ms="3977" status="PASS">
          <reporter-output>
          </reporter-output>
        </test-method> <!-- setUp -->
        <test-method signature="verify_addToWishlistRequiresLogin()[pri:0, instance:com.nagarro.ExitTest.Tests.Test_Product@f58853c]" started-at="2024-12-27T14:56:43 IST" name="verify_addToWishlistRequiresLogin" finished-at="2024-12-27T14:56:45 IST" duration-ms="2733" status="PASS">
          <reporter-output>
          </reporter-output>
        </test-method> <!-- verify_addToWishlistRequiresLogin -->
        <test-method is-config="true" signature="tearDown(org.testng.ITestResult)[pri:0, instance:com.nagarro.ExitTest.Tests.Test_Product@f58853c]" started-at="2024-12-27T14:56:45 IST" name="tearDown" finished-at="2024-12-27T14:56:46 IST" duration-ms="177" status="PASS">
          <params>
            <param index="0">
              <value>
                <![CDATA[[TestResult name=verify_addToWishlistRequiresLogin status=SUCCESS method=Test_Product.verify_addToWishlistRequiresLogin()[pri:0, instance:com.nagarro.ExitTest.Tests.Test_Product@f58853c] output={null}]]]>
              </value>
            </param>
          </params>
          <reporter-output>
          </reporter-output>
        </test-method> <!-- tearDown -->
      </class> <!-- com.nagarro.ExitTest.Tests.Test_Product -->
    </test> <!-- Test -->
  </suite> <!-- Suite -->
</testng-results>
