<?xml version="1.0" encoding="UTF-8"?>
<testng-results ignored="15" total="35" passed="20" failed="0" skipped="0">
  <reporter-output>
  </reporter-output>
  <suite started-at="2024-12-29T13:20:15 IST" name="Suite" finished-at="2024-12-29T13:24:18 IST" duration-ms="242959">
    <groups>
    </groups>
    <test started-at="2024-12-29T13:20:15 IST" name="Test" finished-at="2024-12-29T13:24:18 IST" duration-ms="242959">
      <class name="com.nagarro.ExitTest.Tests.Test_SupportPage">
        <test-method is-config="true" signature="setUp()[pri:0, instance:com.nagarro.ExitTest.Tests.Test_SupportPage@1a5a4e19]" started-at="2024-12-29T13:23:55 IST" name="setUp" finished-at="2024-12-29T13:24:02 IST" duration-ms="6681" status="PASS">
          <reporter-output>
          </reporter-output>
        </test-method> <!-- setUp -->
        <test-method signature="verifyHelpTopics()[pri:0, instance:com.nagarro.ExitTest.Tests.Test_SupportPage@1a5a4e19]" started-at="2024-12-29T13:24:02 IST" name="verifyHelpTopics" finished-at="2024-12-29T13:24:06 IST" duration-ms="4657" status="PASS">
          <reporter-output>
          </reporter-output>
        </test-method> <!-- verifyHelpTopics -->
        <test-method is-config="true" signature="tearDown(org.testng.ITestResult)[pri:0, instance:com.nagarro.ExitTest.Tests.Test_SupportPage@1a5a4e19]" started-at="2024-12-29T13:24:06 IST" name="tearDown" finished-at="2024-12-29T13:24:07 IST" duration-ms="325" status="PASS">
          <params>
            <param index="0">
              <value>
                <![CDATA[[TestResult name=verifyHelpTopics status=SUCCESS method=Test_SupportPage.verifyHelpTopics()[pri:0, instance:com.nagarro.ExitTest.Tests.Test_SupportPage@1a5a4e19] output={null}]]]>
              </value>
            </param>
          </params>
          <reporter-output>
          </reporter-output>
        </test-method> <!-- tearDown -->
      </class> <!-- com.nagarro.ExitTest.Tests.Test_SupportPage -->
      <class name="com.nagarro.ExitTest.Tests.Test_FlightsPage">
        <test-method is-config="true" signature="setUp()[pri:0, instance:com.nagarro.ExitTest.Tests.Test_FlightsPage@4ee203eb]" started-at="2024-12-29T13:23:22 IST" name="setUp" finished-at="2024-12-29T13:23:28 IST" duration-ms="5412" status="PASS">
          <reporter-output>
          </reporter-output>
        </test-method> <!-- setUp -->
        <test-method signature="test_searchOneWayFlight()[pri:0, instance:com.nagarro.ExitTest.Tests.Test_FlightsPage@4ee203eb]" started-at="2024-12-29T13:23:28 IST" name="test_searchOneWayFlight" finished-at="2024-12-29T13:23:35 IST" duration-ms="6961" status="PASS">
          <reporter-output>
          </reporter-output>
        </test-method> <!-- test_searchOneWayFlight -->
        <test-method is-config="true" signature="tearDown(org.testng.ITestResult)[pri:0, instance:com.nagarro.ExitTest.Tests.Test_FlightsPage@4ee203eb]" started-at="2024-12-29T13:23:35 IST" name="tearDown" finished-at="2024-12-29T13:23:35 IST" duration-ms="250" status="PASS">
          <params>
            <param index="0">
              <value>
                <![CDATA[[TestResult name=test_searchOneWayFlight status=SUCCESS method=Test_FlightsPage.test_searchOneWayFlight()[pri:0, instance:com.nagarro.ExitTest.Tests.Test_FlightsPage@4ee203eb] output={null}]]]>
              </value>
            </param>
          </params>
          <reporter-output>
          </reporter-output>
        </test-method> <!-- tearDown -->
        <test-method is-config="true" signature="setUp()[pri:0, instance:com.nagarro.ExitTest.Tests.Test_FlightsPage@4ee203eb]" started-at="2024-12-29T13:23:35 IST" name="setUp" finished-at="2024-12-29T13:23:45 IST" duration-ms="10021" status="PASS">
          <reporter-output>
          </reporter-output>
        </test-method> <!-- setUp -->
        <test-method signature="test_searchRoundtripFlight()[pri:1, instance:com.nagarro.ExitTest.Tests.Test_FlightsPage@4ee203eb]" started-at="2024-12-29T13:23:45 IST" name="test_searchRoundtripFlight" finished-at="2024-12-29T13:23:55 IST" duration-ms="9711" status="PASS">
          <reporter-output>
          </reporter-output>
        </test-method> <!-- test_searchRoundtripFlight -->
        <test-method is-config="true" signature="tearDown(org.testng.ITestResult)[pri:0, instance:com.nagarro.ExitTest.Tests.Test_FlightsPage@4ee203eb]" started-at="2024-12-29T13:23:55 IST" name="tearDown" finished-at="2024-12-29T13:23:55 IST" duration-ms="424" status="PASS">
          <params>
            <param index="0">
              <value>
                <![CDATA[[TestResult name=test_searchRoundtripFlight status=SUCCESS method=Test_FlightsPage.test_searchRoundtripFlight()[pri:1, instance:com.nagarro.ExitTest.Tests.Test_FlightsPage@4ee203eb] output={null}]]]>
              </value>
            </param>
          </params>
          <reporter-output>
          </reporter-output>
        </test-method> <!-- tearDown -->
      </class> <!-- com.nagarro.ExitTest.Tests.Test_FlightsPage -->
      <class name="com.nagarro.ExitTest.Tests.Test_GroupCompanies">
        <test-method is-config="true" signature="setUp()[pri:0, instance:com.nagarro.ExitTest.Tests.Test_GroupCompanies@461ad730]" started-at="2024-12-29T13:22:44 IST" name="setUp" finished-at="2024-12-29T13:22:50 IST" duration-ms="5969" status="PASS">
          <reporter-output>
          </reporter-output>
        </test-method> <!-- setUp -->
        <test-method signature="test_first_myntra()[pri:0, instance:com.nagarro.ExitTest.Tests.Test_GroupCompanies@461ad730]" started-at="2024-12-29T13:22:50 IST" name="test_first_myntra" finished-at="2024-12-29T13:22:56 IST" duration-ms="5956" status="PASS">
          <reporter-output>
          </reporter-output>
        </test-method> <!-- test_first_myntra -->
        <test-method is-config="true" signature="tearDown(org.testng.ITestResult)[pri:0, instance:com.nagarro.ExitTest.Tests.Test_GroupCompanies@461ad730]" started-at="2024-12-29T13:22:56 IST" name="tearDown" finished-at="2024-12-29T13:22:56 IST" duration-ms="337" status="PASS">
          <params>
            <param index="0">
              <value>
                <![CDATA[[TestResult name=test_first_myntra status=SUCCESS method=Test_GroupCompanies.test_first_myntra()[pri:0, instance:com.nagarro.ExitTest.Tests.Test_GroupCompanies@461ad730] output={null}]]]>
              </value>
            </param>
          </params>
          <reporter-output>
          </reporter-output>
        </test-method> <!-- tearDown -->
        <test-method is-config="true" signature="setUp()[pri:0, instance:com.nagarro.ExitTest.Tests.Test_GroupCompanies@461ad730]" started-at="2024-12-29T13:22:56 IST" name="setUp" finished-at="2024-12-29T13:23:03 IST" duration-ms="7256" status="PASS">
          <reporter-output>
          </reporter-output>
        </test-method> <!-- setUp -->
        <test-method signature="test_second_cleartrip()[pri:1, instance:com.nagarro.ExitTest.Tests.Test_GroupCompanies@461ad730]" started-at="2024-12-29T13:23:03 IST" name="test_second_cleartrip" finished-at="2024-12-29T13:23:11 IST" duration-ms="7401" status="PASS">
          <reporter-output>
          </reporter-output>
        </test-method> <!-- test_second_cleartrip -->
        <test-method is-config="true" signature="tearDown(org.testng.ITestResult)[pri:0, instance:com.nagarro.ExitTest.Tests.Test_GroupCompanies@461ad730]" started-at="2024-12-29T13:23:11 IST" name="tearDown" finished-at="2024-12-29T13:23:11 IST" duration-ms="533" status="PASS">
          <params>
            <param index="0">
              <value>
                <![CDATA[[TestResult name=test_second_cleartrip status=SUCCESS method=Test_GroupCompanies.test_second_cleartrip()[pri:1, instance:com.nagarro.ExitTest.Tests.Test_GroupCompanies@461ad730] output={null}]]]>
              </value>
            </param>
          </params>
          <reporter-output>
          </reporter-output>
        </test-method> <!-- tearDown -->
        <test-method is-config="true" signature="setUp()[pri:0, instance:com.nagarro.ExitTest.Tests.Test_GroupCompanies@461ad730]" started-at="2024-12-29T13:23:11 IST" name="setUp" finished-at="2024-12-29T13:23:18 IST" duration-ms="6972" status="PASS">
          <reporter-output>
          </reporter-output>
        </test-method> <!-- setUp -->
        <test-method signature="test_third_shopsy()[pri:2, instance:com.nagarro.ExitTest.Tests.Test_GroupCompanies@461ad730]" started-at="2024-12-29T13:23:18 IST" name="test_third_shopsy" finished-at="2024-12-29T13:23:22 IST" duration-ms="3501" status="PASS">
          <reporter-output>
          </reporter-output>
        </test-method> <!-- test_third_shopsy -->
        <test-method is-config="true" signature="tearDown(org.testng.ITestResult)[pri:0, instance:com.nagarro.ExitTest.Tests.Test_GroupCompanies@461ad730]" started-at="2024-12-29T13:23:22 IST" name="tearDown" finished-at="2024-12-29T13:23:22 IST" duration-ms="441" status="PASS">
          <params>
            <param index="0">
              <value>
                <![CDATA[[TestResult name=test_third_shopsy status=SUCCESS method=Test_GroupCompanies.test_third_shopsy()[pri:2, instance:com.nagarro.ExitTest.Tests.Test_GroupCompanies@461ad730] output={null}]]]>
              </value>
            </param>
          </params>
          <reporter-output>
          </reporter-output>
        </test-method> <!-- tearDown -->
      </class> <!-- com.nagarro.ExitTest.Tests.Test_GroupCompanies -->
      <class name="com.nagarro.ExitTest.Tests.Test_Home">
        <test-method is-config="true" signature="setupExtentReports()[pri:0, instance:com.nagarro.ExitTest.Tests.Test_Home@15d49048]" started-at="2024-12-29T13:20:14 IST" name="setupExtentReports" finished-at="2024-12-29T13:20:15 IST" duration-ms="244" status="PASS">
          <reporter-output>
          </reporter-output>
        </test-method> <!-- setupExtentReports -->
        <test-method is-config="true" signature="setUp()[pri:0, instance:com.nagarro.ExitTest.Tests.Test_Home@15d49048]" started-at="2024-12-29T13:20:15 IST" name="setUp" finished-at="2024-12-29T13:20:21 IST" duration-ms="6566" status="PASS">
          <reporter-output>
          </reporter-output>
        </test-method> <!-- setUp -->
        <test-method signature="test_HomePageIsVisible()[pri:0, instance:com.nagarro.ExitTest.Tests.Test_Home@15d49048]" started-at="2024-12-29T13:20:21 IST" name="test_HomePageIsVisible" finished-at="2024-12-29T13:20:21 IST" duration-ms="95" status="PASS">
          <reporter-output>
          </reporter-output>
        </test-method> <!-- test_HomePageIsVisible -->
        <test-method is-config="true" signature="tearDown(org.testng.ITestResult)[pri:0, instance:com.nagarro.ExitTest.Tests.Test_Home@15d49048]" started-at="2024-12-29T13:20:21 IST" name="tearDown" finished-at="2024-12-29T13:20:22 IST" duration-ms="249" status="PASS">
          <params>
            <param index="0">
              <value>
                <![CDATA[[TestResult name=test_HomePageIsVisible status=SUCCESS method=Test_Home.test_HomePageIsVisible()[pri:0, instance:com.nagarro.ExitTest.Tests.Test_Home@15d49048] output={null}]]]>
              </value>
            </param>
          </params>
          <reporter-output>
          </reporter-output>
        </test-method> <!-- tearDown -->
        <test-method is-config="true" signature="setUp()[pri:0, instance:com.nagarro.ExitTest.Tests.Test_Home@15d49048]" started-at="2024-12-29T13:20:22 IST" name="setUp" finished-at="2024-12-29T13:20:27 IST" duration-ms="5116" status="PASS">
          <reporter-output>
          </reporter-output>
        </test-method> <!-- setUp -->
        <test-method signature="test_search(java.lang.String)[pri:1, instance:com.nagarro.ExitTest.Tests.Test_Home@15d49048]" started-at="2024-12-29T13:20:27 IST" name="test_search" data-provider="searchData" finished-at="2024-12-29T13:20:32 IST" depends-on-methods="com.nagarro.ExitTest.Tests.Test_Home.test_HomePageIsVisible" duration-ms="4943" status="PASS">
          <params>
            <param index="0">
              <value>
                <![CDATA[Pixel 9]]>
              </value>
            </param>
          </params>
          <reporter-output>
          </reporter-output>
        </test-method> <!-- test_search -->
        <test-method is-config="true" signature="tearDown(org.testng.ITestResult)[pri:0, instance:com.nagarro.ExitTest.Tests.Test_Home@15d49048]" started-at="2024-12-29T13:20:32 IST" name="tearDown" finished-at="2024-12-29T13:20:33 IST" duration-ms="302" status="PASS">
          <params>
            <param index="0">
              <value>
                <![CDATA[[TestResult name=test_search status=SUCCESS method=Test_Home.test_search(java.lang.String)[pri:1, instance:com.nagarro.ExitTest.Tests.Test_Home@15d49048] output={null}]]]>
              </value>
            </param>
          </params>
          <reporter-output>
          </reporter-output>
        </test-method> <!-- tearDown -->
        <test-method is-config="true" signature="setUp()[pri:0, instance:com.nagarro.ExitTest.Tests.Test_Home@15d49048]" started-at="2024-12-29T13:20:33 IST" name="setUp" finished-at="2024-12-29T13:20:39 IST" duration-ms="6752" status="PASS">
          <reporter-output>
          </reporter-output>
        </test-method> <!-- setUp -->
        <test-method signature="test_search(java.lang.String)[pri:1, instance:com.nagarro.ExitTest.Tests.Test_Home@15d49048]" started-at="2024-12-29T13:20:39 IST" name="test_search" data-provider="searchData" finished-at="2024-12-29T13:20:42 IST" depends-on-methods="com.nagarro.ExitTest.Tests.Test_Home.test_HomePageIsVisible" duration-ms="2865" status="PASS">
          <params>
            <param index="0">
              <value>
                <![CDATA[Echo dot]]>
              </value>
            </param>
          </params>
          <reporter-output>
          </reporter-output>
        </test-method> <!-- test_search -->
        <test-method is-config="true" signature="tearDown(org.testng.ITestResult)[pri:0, instance:com.nagarro.ExitTest.Tests.Test_Home@15d49048]" started-at="2024-12-29T13:20:42 IST" name="tearDown" finished-at="2024-12-29T13:20:42 IST" duration-ms="308" status="PASS">
          <params>
            <param index="0">
              <value>
                <![CDATA[[TestResult name=test_search status=SUCCESS method=Test_Home.test_search(java.lang.String)[pri:1, instance:com.nagarro.ExitTest.Tests.Test_Home@15d49048] output={null}]]]>
              </value>
            </param>
          </params>
          <reporter-output>
          </reporter-output>
        </test-method> <!-- tearDown -->
        <test-method is-config="true" signature="setUp()[pri:0, instance:com.nagarro.ExitTest.Tests.Test_Home@15d49048]" started-at="2024-12-29T13:20:42 IST" name="setUp" finished-at="2024-12-29T13:20:49 IST" duration-ms="6600" status="PASS">
          <reporter-output>
          </reporter-output>
        </test-method> <!-- setUp -->
        <test-method signature="test_navigateToCartPage()[pri:2, instance:com.nagarro.ExitTest.Tests.Test_Home@15d49048]" started-at="2024-12-29T13:20:49 IST" name="test_navigateToCartPage" finished-at="2024-12-29T13:20:52 IST" depends-on-methods="com.nagarro.ExitTest.Tests.Test_Home.test_HomePageIsVisible" duration-ms="3031" status="PASS">
          <reporter-output>
          </reporter-output>
        </test-method> <!-- test_navigateToCartPage -->
        <test-method is-config="true" signature="tearDown(org.testng.ITestResult)[pri:0, instance:com.nagarro.ExitTest.Tests.Test_Home@15d49048]" started-at="2024-12-29T13:20:52 IST" name="tearDown" finished-at="2024-12-29T13:20:52 IST" duration-ms="299" status="PASS">
          <params>
            <param index="0">
              <value>
                <![CDATA[[TestResult name=test_navigateToCartPage status=SUCCESS method=Test_Home.test_navigateToCartPage()[pri:2, instance:com.nagarro.ExitTest.Tests.Test_Home@15d49048] output={null}]]]>
              </value>
            </param>
          </params>
          <reporter-output>
          </reporter-output>
        </test-method> <!-- tearDown -->
        <test-method is-config="true" signature="setUp()[pri:0, instance:com.nagarro.ExitTest.Tests.Test_Home@15d49048]" started-at="2024-12-29T13:20:52 IST" name="setUp" finished-at="2024-12-29T13:20:58 IST" duration-ms="5726" status="PASS">
          <reporter-output>
          </reporter-output>
        </test-method> <!-- setUp -->
        <test-method signature="test_navigateToSellerPage()[pri:3, instance:com.nagarro.ExitTest.Tests.Test_Home@15d49048]" started-at="2024-12-29T13:20:58 IST" name="test_navigateToSellerPage" finished-at="2024-12-29T13:21:05 IST" depends-on-methods="com.nagarro.ExitTest.Tests.Test_Home.test_HomePageIsVisible" duration-ms="7325" status="PASS">
          <reporter-output>
          </reporter-output>
        </test-method> <!-- test_navigateToSellerPage -->
        <test-method is-config="true" signature="tearDown(org.testng.ITestResult)[pri:0, instance:com.nagarro.ExitTest.Tests.Test_Home@15d49048]" started-at="2024-12-29T13:21:05 IST" name="tearDown" finished-at="2024-12-29T13:21:06 IST" duration-ms="584" status="PASS">
          <params>
            <param index="0">
              <value>
                <![CDATA[[TestResult name=test_navigateToSellerPage status=SUCCESS method=Test_Home.test_navigateToSellerPage()[pri:3, instance:com.nagarro.ExitTest.Tests.Test_Home@15d49048] output={null}]]]>
              </value>
            </param>
          </params>
          <reporter-output>
          </reporter-output>
        </test-method> <!-- tearDown -->
        <test-method is-config="true" signature="setUp()[pri:0, instance:com.nagarro.ExitTest.Tests.Test_Home@15d49048]" started-at="2024-12-29T13:21:06 IST" name="setUp" finished-at="2024-12-29T13:21:13 IST" duration-ms="7183" status="PASS">
          <reporter-output>
          </reporter-output>
        </test-method> <!-- setUp -->
        <test-method signature="test_navigateToAppliancesPage()[pri:4, instance:com.nagarro.ExitTest.Tests.Test_Home@15d49048]" started-at="2024-12-29T13:21:13 IST" name="test_navigateToAppliancesPage" finished-at="2024-12-29T13:21:15 IST" depends-on-methods="com.nagarro.ExitTest.Tests.Test_Home.test_HomePageIsVisible" duration-ms="1936" status="PASS">
          <reporter-output>
          </reporter-output>
        </test-method> <!-- test_navigateToAppliancesPage -->
        <test-method is-config="true" signature="tearDown(org.testng.ITestResult)[pri:0, instance:com.nagarro.ExitTest.Tests.Test_Home@15d49048]" started-at="2024-12-29T13:21:15 IST" name="tearDown" finished-at="2024-12-29T13:21:15 IST" duration-ms="230" status="PASS">
          <params>
            <param index="0">
              <value>
                <![CDATA[[TestResult name=test_navigateToAppliancesPage status=SUCCESS method=Test_Home.test_navigateToAppliancesPage()[pri:4, instance:com.nagarro.ExitTest.Tests.Test_Home@15d49048] output={null}]]]>
              </value>
            </param>
          </params>
          <reporter-output>
          </reporter-output>
        </test-method> <!-- tearDown -->
        <test-method is-config="true" signature="setUp()[pri:0, instance:com.nagarro.ExitTest.Tests.Test_Home@15d49048]" started-at="2024-12-29T13:21:15 IST" name="setUp" finished-at="2024-12-29T13:21:22 IST" duration-ms="6146" status="PASS">
          <reporter-output>
          </reporter-output>
        </test-method> <!-- setUp -->
        <test-method signature="test_navigateToFlightPage()[pri:5, instance:com.nagarro.ExitTest.Tests.Test_Home@15d49048]" started-at="2024-12-29T13:21:22 IST" name="test_navigateToFlightPage" finished-at="2024-12-29T13:21:24 IST" depends-on-methods="com.nagarro.ExitTest.Tests.Test_Home.test_HomePageIsVisible" duration-ms="2809" status="PASS">
          <reporter-output>
          </reporter-output>
        </test-method> <!-- test_navigateToFlightPage -->
        <test-method is-config="true" signature="tearDown(org.testng.ITestResult)[pri:0, instance:com.nagarro.ExitTest.Tests.Test_Home@15d49048]" started-at="2024-12-29T13:21:24 IST" name="tearDown" finished-at="2024-12-29T13:21:25 IST" duration-ms="462" status="PASS">
          <params>
            <param index="0">
              <value>
                <![CDATA[[TestResult name=test_navigateToFlightPage status=SUCCESS method=Test_Home.test_navigateToFlightPage()[pri:5, instance:com.nagarro.ExitTest.Tests.Test_Home@15d49048] output={null}]]]>
              </value>
            </param>
          </params>
          <reporter-output>
          </reporter-output>
        </test-method> <!-- tearDown -->
        <test-method is-config="true" signature="setUp()[pri:0, instance:com.nagarro.ExitTest.Tests.Test_Home@15d49048]" started-at="2024-12-29T13:21:25 IST" name="setUp" finished-at="2024-12-29T13:21:30 IST" duration-ms="4741" status="PASS">
          <reporter-output>
          </reporter-output>
        </test-method> <!-- setUp -->
        <test-method signature="test_navigateToTermsAndConditionsPage()[pri:6, instance:com.nagarro.ExitTest.Tests.Test_Home@15d49048]" started-at="2024-12-29T13:21:30 IST" name="test_navigateToTermsAndConditionsPage" finished-at="2024-12-29T13:21:31 IST" depends-on-methods="com.nagarro.ExitTest.Tests.Test_Home.test_HomePageIsVisible" duration-ms="1840" status="PASS">
          <reporter-output>
          </reporter-output>
        </test-method> <!-- test_navigateToTermsAndConditionsPage -->
        <test-method is-config="true" signature="tearDown(org.testng.ITestResult)[pri:0, instance:com.nagarro.ExitTest.Tests.Test_Home@15d49048]" started-at="2024-12-29T13:21:31 IST" name="tearDown" finished-at="2024-12-29T13:21:32 IST" duration-ms="212" status="PASS">
          <params>
            <param index="0">
              <value>
                <![CDATA[[TestResult name=test_navigateToTermsAndConditionsPage status=SUCCESS method=Test_Home.test_navigateToTermsAndConditionsPage()[pri:6, instance:com.nagarro.ExitTest.Tests.Test_Home@15d49048] output={null}]]]>
              </value>
            </param>
          </params>
          <reporter-output>
          </reporter-output>
        </test-method> <!-- tearDown -->
        <test-method is-config="true" signature="tearDownExtentReports()[pri:0, instance:com.nagarro.ExitTest.Tests.Test_Home@15d49048]" started-at="2024-12-29T13:24:18 IST" name="tearDownExtentReports" finished-at="2024-12-29T13:24:18 IST" duration-ms="308" status="PASS">
          <reporter-output>
          </reporter-output>
        </test-method> <!-- tearDownExtentReports -->
      </class> <!-- com.nagarro.ExitTest.Tests.Test_Home -->
      <class name="com.nagarro.ExitTest.Tests.Test_GroceryPage">
        <test-method is-config="true" signature="setUp()[pri:0, instance:com.nagarro.ExitTest.Tests.Test_GroceryPage@7068e664]" started-at="2024-12-29T13:24:07 IST" name="setUp" finished-at="2024-12-29T13:24:13 IST" duration-ms="6505" status="PASS">
          <reporter-output>
          </reporter-output>
        </test-method> <!-- setUp -->
        <test-method signature="test_searchGroceryItem()[pri:0, instance:com.nagarro.ExitTest.Tests.Test_GroceryPage@7068e664]" started-at="2024-12-29T13:24:13 IST" name="test_searchGroceryItem" finished-at="2024-12-29T13:24:17 IST" duration-ms="3983" status="PASS">
          <reporter-output>
          </reporter-output>
        </test-method> <!-- test_searchGroceryItem -->
        <test-method is-config="true" signature="tearDown(org.testng.ITestResult)[pri:0, instance:com.nagarro.ExitTest.Tests.Test_GroceryPage@7068e664]" started-at="2024-12-29T13:24:17 IST" name="tearDown" finished-at="2024-12-29T13:24:18 IST" duration-ms="276" status="PASS">
          <params>
            <param index="0">
              <value>
                <![CDATA[[TestResult name=test_searchGroceryItem status=SUCCESS method=Test_GroceryPage.test_searchGroceryItem()[pri:0, instance:com.nagarro.ExitTest.Tests.Test_GroceryPage@7068e664] output={null}]]]>
              </value>
            </param>
          </params>
          <reporter-output>
          </reporter-output>
        </test-method> <!-- tearDown -->
      </class> <!-- com.nagarro.ExitTest.Tests.Test_GroceryPage -->
      <class name="com.nagarro.ExitTest.Tests.Test_Product">
        <test-method is-config="true" signature="setUp()[pri:0, instance:com.nagarro.ExitTest.Tests.Test_Product@10289886]" started-at="2024-12-29T13:21:42 IST" name="setUp" finished-at="2024-12-29T13:21:48 IST" duration-ms="5858" status="PASS">
          <reporter-output>
          </reporter-output>
        </test-method> <!-- setUp -->
        <test-method signature="sortProductByPriceLowToHigh()[pri:0, instance:com.nagarro.ExitTest.Tests.Test_Product@10289886]" started-at="2024-12-29T13:21:48 IST" name="sortProductByPriceLowToHigh" finished-at="2024-12-29T13:21:53 IST" duration-ms="4792" status="PASS">
          <reporter-output>
          </reporter-output>
        </test-method> <!-- sortProductByPriceLowToHigh -->
        <test-method is-config="true" signature="tearDown(org.testng.ITestResult)[pri:0, instance:com.nagarro.ExitTest.Tests.Test_Product@10289886]" started-at="2024-12-29T13:21:53 IST" name="tearDown" finished-at="2024-12-29T13:21:53 IST" duration-ms="327" status="PASS">
          <params>
            <param index="0">
              <value>
                <![CDATA[[TestResult name=sortProductByPriceLowToHigh status=SUCCESS method=Test_Product.sortProductByPriceLowToHigh()[pri:0, instance:com.nagarro.ExitTest.Tests.Test_Product@10289886] output={null}]]]>
              </value>
            </param>
          </params>
          <reporter-output>
          </reporter-output>
        </test-method> <!-- tearDown -->
        <test-method is-config="true" signature="setUp()[pri:0, instance:com.nagarro.ExitTest.Tests.Test_Product@10289886]" started-at="2024-12-29T13:21:53 IST" name="setUp" finished-at="2024-12-29T13:22:00 IST" duration-ms="7564" status="PASS">
          <reporter-output>
          </reporter-output>
        </test-method> <!-- setUp -->
        <test-method signature="verify_addToWishlistRequiresLogin()[pri:1, instance:com.nagarro.ExitTest.Tests.Test_Product@10289886]" started-at="2024-12-29T13:22:00 IST" name="verify_addToWishlistRequiresLogin" finished-at="2024-12-29T13:22:06 IST" duration-ms="5438" status="PASS">
          <reporter-output>
          </reporter-output>
        </test-method> <!-- verify_addToWishlistRequiresLogin -->
        <test-method is-config="true" signature="tearDown(org.testng.ITestResult)[pri:0, instance:com.nagarro.ExitTest.Tests.Test_Product@10289886]" started-at="2024-12-29T13:22:06 IST" name="tearDown" finished-at="2024-12-29T13:22:06 IST" duration-ms="387" status="PASS">
          <params>
            <param index="0">
              <value>
                <![CDATA[[TestResult name=verify_addToWishlistRequiresLogin status=SUCCESS method=Test_Product.verify_addToWishlistRequiresLogin()[pri:1, instance:com.nagarro.ExitTest.Tests.Test_Product@10289886] output={null}]]]>
              </value>
            </param>
          </params>
          <reporter-output>
          </reporter-output>
        </test-method> <!-- tearDown -->
        <test-method is-config="true" signature="setUp()[pri:0, instance:com.nagarro.ExitTest.Tests.Test_Product@10289886]" started-at="2024-12-29T13:22:06 IST" name="setUp" finished-at="2024-12-29T13:22:12 IST" duration-ms="5654" status="PASS">
          <reporter-output>
          </reporter-output>
        </test-method> <!-- setUp -->
        <test-method signature="addToCart()[pri:2, instance:com.nagarro.ExitTest.Tests.Test_Product@10289886]" started-at="2024-12-29T13:22:12 IST" name="addToCart" finished-at="2024-12-29T13:22:20 IST" duration-ms="7936" status="PASS">
          <reporter-output>
          </reporter-output>
        </test-method> <!-- addToCart -->
        <test-method is-config="true" signature="tearDown(org.testng.ITestResult)[pri:0, instance:com.nagarro.ExitTest.Tests.Test_Product@10289886]" started-at="2024-12-29T13:22:20 IST" name="tearDown" finished-at="2024-12-29T13:22:20 IST" duration-ms="411" status="PASS">
          <params>
            <param index="0">
              <value>
                <![CDATA[[TestResult name=addToCart status=SUCCESS method=Test_Product.addToCart()[pri:2, instance:com.nagarro.ExitTest.Tests.Test_Product@10289886] output={null}]]]>
              </value>
            </param>
          </params>
          <reporter-output>
          </reporter-output>
        </test-method> <!-- tearDown -->
      </class> <!-- com.nagarro.ExitTest.Tests.Test_Product -->
      <class name="com.nagarro.ExitTest.Tests.Test_Login">
        <test-method is-config="true" signature="setUp()[pri:0, instance:com.nagarro.ExitTest.Tests.Test_Login@24959ca4]" started-at="2024-12-29T13:21:32 IST" name="setUp" finished-at="2024-12-29T13:21:39 IST" duration-ms="7202" status="PASS">
          <reporter-output>
          </reporter-output>
        </test-method> <!-- setUp -->
        <test-method signature="test_invalidlogin()[pri:1, instance:com.nagarro.ExitTest.Tests.Test_Login@24959ca4]" started-at="2024-12-29T13:21:39 IST" name="test_invalidlogin" finished-at="2024-12-29T13:21:42 IST" duration-ms="2710" status="PASS">
          <reporter-output>
          </reporter-output>
        </test-method> <!-- test_invalidlogin -->
        <test-method is-config="true" signature="tearDown(org.testng.ITestResult)[pri:0, instance:com.nagarro.ExitTest.Tests.Test_Login@24959ca4]" started-at="2024-12-29T13:21:42 IST" name="tearDown" finished-at="2024-12-29T13:21:42 IST" duration-ms="376" status="PASS">
          <params>
            <param index="0">
              <value>
                <![CDATA[[TestResult name=test_invalidlogin status=SUCCESS method=Test_Login.test_invalidlogin()[pri:1, instance:com.nagarro.ExitTest.Tests.Test_Login@24959ca4] output={null}]]]>
              </value>
            </param>
          </params>
          <reporter-output>
          </reporter-output>
        </test-method> <!-- tearDown -->
      </class> <!-- com.nagarro.ExitTest.Tests.Test_Login -->
      <class name="com.nagarro.ExitTest.Tests.Test_SellerPage">
        <test-method is-config="true" signature="setUp()[pri:0, instance:com.nagarro.ExitTest.Tests.Test_SellerPage@5c86dbc5]" started-at="2024-12-29T13:22:20 IST" name="setUp" finished-at="2024-12-29T13:22:27 IST" duration-ms="7214" status="PASS">
          <reporter-output>
          </reporter-output>
        </test-method> <!-- setUp -->
        <test-method signature="test_navigateToSellerDashboard()[pri:0, instance:com.nagarro.ExitTest.Tests.Test_SellerPage@5c86dbc5]" started-at="2024-12-29T13:22:27 IST" name="test_navigateToSellerDashboard" finished-at="2024-12-29T13:22:43 IST" duration-ms="15988" status="PASS">
          <reporter-output>
          </reporter-output>
        </test-method> <!-- test_navigateToSellerDashboard -->
        <test-method is-config="true" signature="tearDown(org.testng.ITestResult)[pri:0, instance:com.nagarro.ExitTest.Tests.Test_SellerPage@5c86dbc5]" started-at="2024-12-29T13:22:43 IST" name="tearDown" finished-at="2024-12-29T13:22:44 IST" duration-ms="465" status="PASS">
          <params>
            <param index="0">
              <value>
                <![CDATA[[TestResult name=test_navigateToSellerDashboard status=SUCCESS method=Test_SellerPage.test_navigateToSellerDashboard()[pri:0, instance:com.nagarro.ExitTest.Tests.Test_SellerPage@5c86dbc5] output={null}]]]>
              </value>
            </param>
          </params>
          <reporter-output>
          </reporter-output>
        </test-method> <!-- tearDown -->
      </class> <!-- com.nagarro.ExitTest.Tests.Test_SellerPage -->
    </test> <!-- Test -->
  </suite> <!-- Suite -->
</testng-results>
